--- Startup times for process: Primary (or UI client) ---

times in msec
 clock   self+sourced   self:  sourced script
 clock   elapsed:              other lines

000.001  000.001: --- NVIM STARTING ---
000.152  000.152: event init
000.427  000.274: early init
000.868  000.442: locale set
000.947  000.078: init first window
001.606  000.660: inits 1
001.619  000.012: window checked
001.622  000.003: parsing arguments
002.286  000.050  000.050: require('vim.shared')
002.387  000.039  000.039: require('vim.inspect')
002.438  000.042  000.042: require('vim._options')
002.442  000.152  000.071: require('vim._editor')
002.443  000.242  000.040: require('vim._init_packages')
002.446  000.581: init lua interpreter
006.055  003.609: nvim_ui_attach
006.391  000.336: nvim_set_client_info
006.393  000.002: --- NVIM STARTED ---

--- Startup times for process: Embedded ---

times in msec
 clock   self+sourced   self:  sourced script
 clock   elapsed:              other lines

000.000  000.000: --- NVIM STARTING ---
000.071  000.071: event init
000.193  000.122: early init
000.498  000.305: locale set
000.527  000.029: init first window
000.867  000.340: inits 1
000.883  000.015: window checked
000.884  000.002: parsing arguments
001.304  000.036  000.036: require('vim.shared')
001.376  000.029  000.029: require('vim.inspect')
001.411  000.028  000.028: require('vim._options')
001.413  000.107  000.049: require('vim._editor')
001.414  000.169  000.026: require('vim._init_packages')
001.415  000.362: init lua interpreter
003.340  001.925: expanding arguments
003.353  000.014: inits 2
003.604  000.251: init highlight
003.605  000.001: waiting for UI
003.759  000.154: done waiting for UI
003.769  000.010: clear screen
003.906  000.010  000.010: require('vim.keymap')
005.118  000.142  000.142: sourcing nvim_exec2()
049.101  045.329  045.178: require('vim._defaults')
049.104  000.006: init default mappings & autocommands
049.746  000.075  000.075: sourcing /opt/homebrew/Cellar/neovim/0.11.5_1/share/nvim/runtime/ftplugin.vim
049.841  000.025  000.025: sourcing /opt/homebrew/Cellar/neovim/0.11.5_1/share/nvim/runtime/indent.vim
050.237  000.126  000.126: require('vim.fs')
050.540  000.300  000.300: require('vim.uri')
050.563  000.486  000.060: require('vim.loader')
051.105  000.514  000.514: require('core.options')
051.840  000.004  000.004: require('vim.F')
051.882  000.380  000.376: require('vim.diagnostic')
051.891  000.784  000.404: require('core.keymaps')
052.126  000.113  000.113: require('vim.hl')
052.133  000.241  000.127: require('core.autocmds')
052.239  000.105  000.105: require('core.highlights')
052.973  000.635  000.635: require('lazy')
052.996  000.016  000.016: require('ffi')
053.102  000.102  000.102: require('lazy.stats')
053.334  000.191  000.191: require('lazy.core.util')
053.566  000.230  000.230: require('lazy.core.config')
053.767  000.095  000.095: require('lazy.core.handler')
054.213  000.139  000.139: require('lazy.pkg')
054.215  000.311  000.172: require('lazy.core.meta')
054.219  000.451  000.140: require('lazy.core.plugin')
054.224  000.657  000.111: require('lazy.core.loader')
054.819  000.094  000.094: require('lazy.core.fragments')
117.376  000.289  000.289: require('lazy.core.handler.keys')
117.515  000.133  000.133: require('lazy.core.handler.cmd')
117.636  000.117  000.117: require('lazy.core.handler.event')
117.715  000.077  000.077: require('lazy.core.handler.ft')
117.834  000.011  000.011: sourcing nvim_exec2() called at /Users/elghaz/dotfiles/nvim/.config/nvim/init.lua:0
117.935  000.015  000.015: sourcing /Users/elghaz/.local/share/nvim/lazy/templ.vim/ftdetect/templ.vim
117.937  000.064  000.049: sourcing nvim_exec2() called at /Users/elghaz/dotfiles/nvim/.config/nvim/init.lua:0
117.943  000.001  000.001: sourcing nvim_exec2() called at /Users/elghaz/dotfiles/nvim/.config/nvim/init.lua:0
118.574  000.174  000.174: sourcing nvim_exec2() called at /opt/homebrew/Cellar/neovim/0.11.5_1/share/nvim/runtime/filetype.lua:0
118.576  000.249  000.075: sourcing /opt/homebrew/Cellar/neovim/0.11.5_1/share/nvim/runtime/filetype.lua
118.578  000.304  000.055: sourcing nvim_exec2() called at /Users/elghaz/dotfiles/nvim/.config/nvim/init.lua:0
118.664  000.001  000.001: sourcing nvim_exec2() called at /Users/elghaz/dotfiles/nvim/.config/nvim/init.lua:0
118.671  000.001  000.001: sourcing nvim_exec2() called at /Users/elghaz/dotfiles/nvim/.config/nvim/init.lua:0
118.992  000.317  000.317: require('catppuccin')
119.123  000.086  000.086: require('catppuccin.lib.hashing')
120.946  001.104  001.104: sourcing /Users/elghaz/.local/share/nvim/lazy/catppuccin/colors/catppuccin.vim
121.144  000.053  000.053: sourcing /opt/homebrew/Cellar/neovim/0.11.5_1/share/nvim/runtime/plugin/editorconfig.lua
121.147  000.097  000.044: sourcing nvim_exec2() called at /Users/elghaz/dotfiles/nvim/.config/nvim/init.lua:0
121.316  000.121  000.121: sourcing /opt/homebrew/Cellar/neovim/0.11.5_1/share/nvim/runtime/plugin/gzip.vim
121.318  000.168  000.047: sourcing nvim_exec2() called at /Users/elghaz/dotfiles/nvim/.config/nvim/init.lua:0
121.408  000.046  000.046: sourcing /opt/homebrew/Cellar/neovim/0.11.5_1/share/nvim/runtime/plugin/man.lua
121.410  000.089  000.043: sourcing nvim_exec2() called at /Users/elghaz/dotfiles/nvim/.config/nvim/init.lua:0
121.890  000.143  000.143: sourcing /opt/homebrew/Cellar/neovim/0.11.5_1/share/nvim/runtime/pack/dist/opt/matchit/plugin/matchit.vim
121.901  000.446  000.304: sourcing /opt/homebrew/Cellar/neovim/0.11.5_1/share/nvim/runtime/plugin/matchit.vim
121.903  000.491  000.044: sourcing nvim_exec2() called at /Users/elghaz/dotfiles/nvim/.config/nvim/init.lua:0
122.043  000.091  000.091: sourcing /opt/homebrew/Cellar/neovim/0.11.5_1/share/nvim/runtime/plugin/matchparen.vim
122.045  000.139  000.048: sourcing nvim_exec2() called at /Users/elghaz/dotfiles/nvim/.config/nvim/init.lua:0
122.518  000.145  000.145: sourcing /opt/homebrew/Cellar/neovim/0.11.5_1/share/nvim/runtime/pack/dist/opt/netrw/plugin/netrwPlugin.vim
122.528  000.440  000.295: sourcing /opt/homebrew/Cellar/neovim/0.11.5_1/share/nvim/runtime/plugin/netrwPlugin.vim
122.529  000.482  000.042: sourcing nvim_exec2() called at /Users/elghaz/dotfiles/nvim/.config/nvim/init.lua:0
122.679  000.098  000.098: sourcing /opt/homebrew/Cellar/neovim/0.11.5_1/share/nvim/runtime/plugin/osc52.lua
122.681  000.149  000.051: sourcing nvim_exec2() called at /Users/elghaz/dotfiles/nvim/.config/nvim/init.lua:0
122.825  000.098  000.098: sourcing /opt/homebrew/Cellar/neovim/0.11.5_1/share/nvim/runtime/plugin/rplugin.vim
122.827  000.144  000.046: sourcing nvim_exec2() called at /Users/elghaz/dotfiles/nvim/.config/nvim/init.lua:0
122.906  000.034  000.034: sourcing /opt/homebrew/Cellar/neovim/0.11.5_1/share/nvim/runtime/plugin/shada.vim
122.908  000.078  000.044: sourcing nvim_exec2() called at /Users/elghaz/dotfiles/nvim/.config/nvim/init.lua:0
122.964  000.010  000.010: sourcing /opt/homebrew/Cellar/neovim/0.11.5_1/share/nvim/runtime/plugin/spellfile.vim
122.966  000.056  000.046: sourcing nvim_exec2() called at /Users/elghaz/dotfiles/nvim/.config/nvim/init.lua:0
123.060  000.048  000.048: sourcing /opt/homebrew/Cellar/neovim/0.11.5_1/share/nvim/runtime/plugin/tarPlugin.vim
123.062  000.093  000.045: sourcing nvim_exec2() called at /Users/elghaz/dotfiles/nvim/.config/nvim/init.lua:0
123.158  000.034  000.034: sourcing /opt/homebrew/Cellar/neovim/0.11.5_1/share/nvim/runtime/plugin/tohtml.lua
123.160  000.096  000.062: sourcing nvim_exec2() called at /Users/elghaz/dotfiles/nvim/.config/nvim/init.lua:0
123.234  000.025  000.025: sourcing /opt/homebrew/Cellar/neovim/0.11.5_1/share/nvim/runtime/plugin/tutor.vim
123.236  000.073  000.049: sourcing nvim_exec2() called at /Users/elghaz/dotfiles/nvim/.config/nvim/init.lua:0
123.350  000.071  000.071: sourcing /opt/homebrew/Cellar/neovim/0.11.5_1/share/nvim/runtime/plugin/zipPlugin.vim
123.351  000.114  000.043: sourcing nvim_exec2() called at /Users/elghaz/dotfiles/nvim/.config/nvim/init.lua:0
123.426  073.454  064.623: sourcing /Users/elghaz/.config/nvim/init.lua
123.435  000.777: sourcing vimrc file(s)
123.612  000.028  000.028: sourcing /opt/homebrew/Cellar/neovim/0.11.5_1/share/nvim/runtime/filetype.lua
123.807  000.038  000.038: sourcing /opt/homebrew/Cellar/neovim/0.11.5_1/share/nvim/runtime/syntax/synload.vim
123.855  000.153  000.115: sourcing /opt/homebrew/Cellar/neovim/0.11.5_1/share/nvim/runtime/syntax/syntax.vim
123.863  000.247: inits 3
124.760  000.897: reading ShaDa
124.825  000.065: opening buffers
124.836  000.012: BufEnter autocommands
124.839  000.002: editing files in windows
125.014  000.040  000.040: sourcing /Users/elghaz/.local/share/nvim/lazy/which-key.nvim/plugin/which-key.lua
125.017  000.089  000.049: sourcing nvim_exec2() called at VimEnter Autocommands for "*":0
125.020  000.001  000.001: sourcing nvim_exec2() called at VimEnter Autocommands for "*":0
125.025  000.001  000.001: sourcing nvim_exec2() called at VimEnter Autocommands for "*":0
125.486  000.270  000.270: require('which-key')
125.590  000.103  000.103: require('which-key.config')
126.136  000.015  000.015: sourcing /Users/elghaz/.local/share/nvim/lazy/plenary.nvim/plugin/plenary.vim
126.138  000.056  000.041: sourcing nvim_exec2() called at VimEnter Autocommands for "*":0
126.141  000.001  000.001: sourcing nvim_exec2() called at VimEnter Autocommands for "*":0
126.145  000.001  000.001: sourcing nvim_exec2() called at VimEnter Autocommands for "*":0
126.228  000.013  000.013: sourcing /Users/elghaz/.local/share/nvim/lazy/todo-comments.nvim/plugin/todo.vim
126.230  000.056  000.043: sourcing nvim_exec2() called at VimEnter Autocommands for "*":0
126.232  000.001  000.001: sourcing nvim_exec2() called at VimEnter Autocommands for "*":0
126.236  000.001  000.001: sourcing nvim_exec2() called at VimEnter Autocommands for "*":0
126.745  000.120  000.120: require('todo-comments.util')
126.751  000.218  000.097: require('todo-comments.config')
126.951  000.085  000.085: require('todo-comments.highlight')
126.952  000.201  000.116: require('todo-comments.jump')
126.954  000.629  000.211: require('todo-comments')
127.150  000.007  000.007: sourcing nvim_exec2() called at VimEnter Autocommands for "*":0
127.153  000.002  000.002: sourcing nvim_exec2() called at VimEnter Autocommands for "*":0
127.155  000.001  000.001: sourcing nvim_exec2() called at VimEnter Autocommands for "*":0
127.163  000.001  000.001: sourcing nvim_exec2() called at VimEnter Autocommands for "*":0
127.165  000.001  000.001: sourcing nvim_exec2() called at VimEnter Autocommands for "*":0
127.167  000.001  000.001: sourcing nvim_exec2() called at VimEnter Autocommands for "*":0
127.172  000.001  000.001: sourcing nvim_exec2() called at VimEnter Autocommands for "*":0
127.174  000.001  000.001: sourcing nvim_exec2() called at VimEnter Autocommands for "*":0
127.176  000.001  000.001: sourcing nvim_exec2() called at VimEnter Autocommands for "*":0
127.186  000.001  000.001: sourcing nvim_exec2() called at VimEnter Autocommands for "*":0
127.189  000.001  000.001: sourcing nvim_exec2() called at VimEnter Autocommands for "*":0
127.190  000.001  000.001: sourcing nvim_exec2() called at VimEnter Autocommands for "*":0
127.195  000.001  000.001: sourcing nvim_exec2() called at VimEnter Autocommands for "*":0
127.197  000.001  000.001: sourcing nvim_exec2() called at VimEnter Autocommands for "*":0
127.199  000.001  000.001: sourcing nvim_exec2() called at VimEnter Autocommands for "*":0
127.203  000.001  000.001: sourcing nvim_exec2() called at VimEnter Autocommands for "*":0
127.205  000.001  000.001: sourcing nvim_exec2() called at VimEnter Autocommands for "*":0
127.207  000.001  000.001: sourcing nvim_exec2() called at VimEnter Autocommands for "*":0
127.221  000.001  000.001: sourcing nvim_exec2() called at VimEnter Autocommands for "*":0
127.223  000.001  000.001: sourcing nvim_exec2() called at VimEnter Autocommands for "*":0
127.225  000.001  000.001: sourcing nvim_exec2() called at VimEnter Autocommands for "*":0
127.916  000.121  000.121: require('vim.treesitter.language')
127.980  000.062  000.062: require('vim.func')
128.056  000.073  000.073: require('vim.func._memoize')
128.073  000.404  000.148: require('vim.treesitter.query')
128.155  000.081  000.081: require('vim.treesitter._range')
128.195  000.657  000.172: require('vim.treesitter.languagetree')
128.199  000.773  000.116: require('vim.treesitter')
128.212  000.902  000.129: require('vim.treesitter.highlighter')
128.521  000.001  000.001: sourcing nvim_exec2() called at VimEnter Autocommands for "*":0
128.527  000.001  000.001: sourcing nvim_exec2() called at VimEnter Autocommands for "*":0
129.410  000.188  000.188: require('luasnip.util.types')
129.529  000.117  000.117: require('luasnip.util.lazy_table')
129.604  000.074  000.074: require('luasnip.extras.filetype_functions')
129.621  000.532  000.153: require('luasnip.default_config')
129.623  000.637  000.105: require('luasnip.session')
129.782  000.108  000.108: require('vim.version')
130.427  000.803  000.696: require('luasnip.util.vimversion')
130.430  001.550  000.109: require('luasnip.util.util')
130.589  000.096  000.096: require('luasnip.util.path')
130.717  000.054  000.054: require('luasnip.session.snippet_collection.source')
130.768  000.049  000.049: require('luasnip.util.table')
130.819  000.051  000.051: require('luasnip.util.auto_table')
130.823  000.233  000.079: require('luasnip.session.snippet_collection')
130.905  000.081  000.081: require('luasnip.util.log')
130.908  000.477  000.067: require('luasnip.loaders.util')
131.008  000.099  000.099: require('luasnip.loaders.fs_watchers')
131.062  000.052  000.052: require('luasnip.loaders.data')
131.110  000.047  000.047: require('luasnip.session.enqueueable_operations')
131.455  000.048  000.048: require('luasnip.util.ext_opts')
131.500  000.044  000.044: require('luasnip.nodes.key_indexer')
131.547  000.046  000.046: require('luasnip.util.feedkeys')
131.549  000.222  000.084: require('luasnip.nodes.util')
131.594  000.045  000.045: require('luasnip.util.events')
131.599  000.328  000.061: require('luasnip.nodes.node')
131.760  000.049  000.049: require('luasnip.util.extend_decorator')
131.764  000.164  000.115: require('luasnip.nodes.insertNode')
131.827  000.062  000.062: require('luasnip.nodes.textNode')
131.879  000.051  000.051: require('luasnip.util.mark')
132.032  000.049  000.049: require('luasnip.util.select')
132.079  000.046  000.046: require('luasnip.util.time')
132.375  000.446  000.351: require('luasnip.util._builtin_vars')
132.441  000.561  000.115: require('luasnip.util.environ')
132.494  000.052  000.052: require('luasnip.util.pattern_tokenizer')
132.542  000.047  000.047: require('luasnip.util.dict')
133.042  000.007  000.007: require('jsregexp.core')
133.044  000.064  000.057: require('luasnip-jsregexp')
133.051  000.461  000.397: require('luasnip.util.jsregexp')
133.053  000.510  000.050: require('luasnip.nodes.util.trig_engines')
133.078  001.887  000.112: require('luasnip.nodes.snippet')
133.268  000.075  000.075: require('luasnip.util.parser.neovim_ast')
133.327  000.058  000.058: require('luasnip.util.str')
133.395  000.066  000.066: require('luasnip.util.directed_graph')
133.399  000.267  000.068: require('luasnip.util.parser.ast_utils')
133.496  000.096  000.096: require('luasnip.nodes.functionNode')
133.583  000.087  000.087: require('luasnip.nodes.choiceNode')
133.694  000.110  000.110: require('luasnip.nodes.dynamicNode')
133.763  000.069  000.069: require('luasnip.util.functions')
133.767  000.688  000.061: require('luasnip.util.parser.ast_parser')
133.880  000.113  000.113: require('luasnip.util.parser.neovim_parser')
133.884  002.773  000.085: require('luasnip.util.parser')
133.942  000.057  000.057: require('luasnip.nodes.snippetProxy')
134.035  000.091  000.091: require('luasnip.util.jsonc')
134.167  000.078  000.078: require('luasnip.nodes.duplicate')
134.169  000.133  000.054: require('luasnip.loaders.snippet_cache')
134.174  005.638  000.359: require('luasnip.loaders.from_vscode')
137.148  000.055  000.055: require('luasnip.nodes.multiSnippet')
138.532  000.641  000.641: require('vim.filetype')
138.642  000.060  000.060: require('luasnip.config')
138.764  000.051  000.051: require('luasnip.loaders')
138.795  000.150  000.099: require('luasnip')
138.816  000.957  000.107: sourcing /Users/elghaz/.local/share/nvim/lazy/LuaSnip/plugin/luasnip.lua
138.818  000.993  000.036: sourcing nvim_exec2() called at VimEnter Autocommands for "*":0
138.866  000.012  000.012: sourcing /Users/elghaz/.local/share/nvim/lazy/LuaSnip/plugin/luasnip.vim
138.868  000.045  000.033: sourcing nvim_exec2() called at VimEnter Autocommands for "*":0
138.870  000.001  000.001: sourcing nvim_exec2() called at VimEnter Autocommands for "*":0
138.874  000.000  000.000: sourcing nvim_exec2() called at VimEnter Autocommands for "*":0
138.898  000.001  000.001: sourcing nvim_exec2() called at VimEnter Autocommands for "*":0
138.901  000.000  000.000: sourcing nvim_exec2() called at VimEnter Autocommands for "*":0
139.118  000.057  000.057: require('vim.lsp.log')
139.330  000.198  000.198: require('vim.lsp.protocol')
139.434  000.102  000.102: require('vim.lsp.util')
139.568  000.051  000.051: require('vim.lsp.sync')
139.570  000.135  000.084: require('vim.lsp._changetracking')
139.679  000.050  000.050: require('vim.lsp._transport')
139.688  000.116  000.066: require('vim.lsp.rpc')
139.718  000.738  000.130: require('vim.lsp')
139.821  000.101  000.101: require('blink.cmp')
139.957  000.073  000.073: require('blink.cmp.lib.async')
140.072  000.056  000.056: require('blink.cmp.config.utils')
140.120  000.047  000.047: require('blink.cmp.config.keymap')
140.222  000.050  000.050: require('blink.cmp.config.completion.keyword')
140.279  000.056  000.056: require('blink.cmp.config.completion.trigger')
140.330  000.050  000.050: require('blink.cmp.config.completion.list')
140.405  000.074  000.074: require('blink.cmp.config.completion.accept')
140.495  000.090  000.090: require('blink.cmp.config.completion.menu')
140.588  000.092  000.092: require('blink.cmp.config.completion.documentation')
140.659  000.070  000.070: require('blink.cmp.config.completion.ghost_text')
140.660  000.539  000.057: require('blink.cmp.config.completion')
140.725  000.064  000.064: require('blink.cmp.config.fuzzy')
140.786  000.061  000.061: require('blink.cmp.config.sources')
140.842  000.055  000.055: require('blink.cmp.config.signature')
140.902  000.059  000.059: require('blink.cmp.config.snippets')
140.956  000.053  000.053: require('blink.cmp.config.appearance')
141.009  000.052  000.052: require('blink.cmp.config.modes.cmdline')
141.058  000.048  000.048: require('blink.cmp.config.modes.term')
141.059  001.102  000.067: require('blink.cmp.config')
141.118  000.058  000.058: require('blink.cmp.lib.utils')
141.167  000.048  000.048: require('blink.cmp.lib.event_emitter')
141.171  001.349  000.068: require('blink.cmp.sources.lib')
141.228  002.276  000.087: sourcing /Users/elghaz/.local/share/nvim/lazy/blink.cmp/plugin/blink-cmp.lua
141.229  002.307  000.030: sourcing nvim_exec2() called at VimEnter Autocommands for "*":0
141.233  000.001  000.001: sourcing nvim_exec2() called at VimEnter Autocommands for "*":0
141.238  000.000  000.000: sourcing nvim_exec2() called at VimEnter Autocommands for "*":0
141.322  000.053  000.053: require('blink-cmp')
142.220  000.057  000.057: require('blink.cmp.config.modes.types')
142.707  000.067  000.067: require('blink.cmp.fuzzy.download.system')
142.737  000.160  000.092: require('blink.cmp.fuzzy.download.files')
142.739  000.229  000.069: require('blink.cmp.fuzzy.download.git')
142.741  000.302  000.073: require('blink.cmp.fuzzy.download')
142.899  000.071  000.071: require('vim._system')
185.535  000.006  000.006: sourcing nvim_exec2() called at VimEnter Autocommands for "*":0
185.550  000.001  000.001: sourcing nvim_exec2() called at VimEnter Autocommands for "*":0
185.703  000.001  000.001: sourcing nvim_exec2() called at VimEnter Autocommands for "*":0
185.714  000.001  000.001: sourcing nvim_exec2() called at VimEnter Autocommands for "*":0
185.953  000.020  000.020: sourcing /Users/elghaz/.local/share/nvim/lazy/nvim-web-devicons/plugin/nvim-web-devicons.vim
185.955  000.071  000.051: sourcing nvim_exec2() called at VimEnter Autocommands for "*":0
185.963  000.001  000.001: sourcing nvim_exec2() called at VimEnter Autocommands for "*":0
185.970  000.001  000.001: sourcing nvim_exec2() called at VimEnter Autocommands for "*":0
186.284  000.247  000.247: sourcing /Users/elghaz/.local/share/nvim/lazy/telescope.nvim/plugin/telescope.lua
186.286  000.283  000.035: sourcing nvim_exec2() called at VimEnter Autocommands for "*":0
186.290  000.001  000.001: sourcing nvim_exec2() called at VimEnter Autocommands for "*":0
186.297  000.000  000.000: sourcing nvim_exec2() called at VimEnter Autocommands for "*":0
186.966  000.171  000.171: require('telescope._extensions')
186.976  000.669  000.498: require('telescope')
187.614  000.071  000.071: require('plenary.bit')
187.664  000.049  000.049: require('plenary.functional')
187.681  000.205  000.085: require('plenary.path')
187.689  000.328  000.123: require('plenary.strings')
187.976  000.153  000.153: require('plenary.log')
188.001  000.239  000.086: require('telescope.log')
188.182  000.046  000.046: require('plenary.compat')
188.186  000.107  000.061: require('plenary.job')
188.238  000.051  000.051: require('telescope.state')
188.251  000.249  000.091: require('telescope.utils')
188.254  000.565  000.077: require('telescope.sorters')
188.954  001.759  000.866: require('telescope.config')
189.065  000.051  000.051: require('plenary.window.border')
189.111  000.045  000.045: require('plenary.window')
189.154  000.042  000.042: require('plenary.popup.utils')
189.155  000.200  000.062: require('plenary.popup')
189.212  000.056  000.056: require('telescope.pickers.scroller')
189.261  000.048  000.048: require('telescope.actions.state')
189.310  000.049  000.049: require('telescope.actions.utils')
189.417  000.051  000.051: require('telescope.actions.mt')
189.423  000.112  000.061: require('telescope.actions.set')
189.531  000.055  000.055: require('telescope.config.resolve')
189.532  000.108  000.053: require('telescope.pickers.entry_display')
189.611  000.078  000.078: require('telescope.from_entry')
189.777  002.800  000.390: require('telescope.actions')
189.861  000.083  000.083: require('telescope.themes')
190.721  000.340  000.340: require('fzf_lib')
190.724  000.431  000.091: require('telescope._extensions.fzf')
190.811  000.072  000.072: require('telescope._extensions.ui-select')
191.236  000.073  000.073: require('plenary.tbl')
191.238  000.124  000.051: require('plenary.vararg.rotate')
191.238  000.171  000.048: require('plenary.vararg')
191.285  000.046  000.046: require('plenary.errors')
191.287  000.275  000.058: require('plenary.async.async')
191.473  000.046  000.046: require('plenary.async.structs')
191.476  000.096  000.051: require('plenary.async.control')
191.481  000.148  000.051: require('plenary.async.util')
191.482  000.194  000.047: require('plenary.async.tests')
191.483  000.531  000.062: require('plenary.async')
191.549  000.065  000.065: require('telescope.debounce')
191.646  000.096  000.096: require('telescope.mappings')
191.703  000.057  000.057: require('telescope.pickers.highlights')
191.754  000.050  000.050: require('telescope.pickers.window')
191.808  000.053  000.053: require('telescope.pickers.layout')
191.914  000.052  000.052: require('telescope.algos.linked_list')
191.916  000.107  000.055: require('telescope.entry_manager')
191.990  000.074  000.074: require('telescope.pickers.multi')
191.999  001.187  000.155: require('telescope.pickers')
192.160  000.103  000.103: require('telescope.make_entry')
192.212  000.051  000.051: require('telescope.finders.async_static_finder')
192.377  000.047  000.047: require('plenary.class')
192.383  000.115  000.067: require('telescope._')
192.384  000.172  000.057: require('telescope.finders.async_oneshot_finder')
192.440  000.055  000.055: require('telescope.finders.async_job_finder')
192.442  000.442  000.060: require('telescope.finders')
192.501  000.054  000.054: require('vim.ui')
192.584  000.072  000.072: require('telescope.builtin')
192.685  050.011: VimEnter autocommands
192.758  000.053  000.053: require('vim.termcap')
192.787  000.007  000.007: require('vim.text')
192.801  000.056: UIEnter autocommands
193.041  000.154  000.154: sourcing /opt/homebrew/Cellar/neovim/0.11.5_1/share/nvim/runtime/autoload/provider/clipboard.vim
193.044  000.090: before starting main loop
193.155  000.110: first screen update
193.156  000.001: --- NVIM STARTED ---

--- Startup times for process: Primary (or UI client) ---

times in msec
 clock   self+sourced   self:  sourced script
 clock   elapsed:              other lines

000.000  000.000: --- NVIM STARTING ---
000.110  000.110: event init
000.541  000.431: early init
001.168  000.627: locale set
001.237  000.068: init first window
001.874  000.638: inits 1
001.885  000.011: window checked
001.887  000.002: parsing arguments
002.644  000.044  000.044: require('vim.shared')
002.728  000.033  000.033: require('vim.inspect')
002.777  000.041  000.041: require('vim._options')
002.780  000.133  000.059: require('vim._editor')
002.781  000.211  000.034: require('vim._init_packages')
002.785  000.686: init lua interpreter
006.169  003.385: nvim_ui_attach
006.460  000.291: nvim_set_client_info
006.462  000.001: --- NVIM STARTED ---

--- Startup times for process: Embedded ---

times in msec
 clock   self+sourced   self:  sourced script
 clock   elapsed:              other lines

000.000  000.000: --- NVIM STARTING ---
000.062  000.062: event init
000.185  000.123: early init
000.485  000.300: locale set
000.512  000.027: init first window
000.841  000.329: inits 1
000.858  000.018: window checked
000.860  000.002: parsing arguments
001.241  000.031  000.031: require('vim.shared')
001.306  000.029  000.029: require('vim.inspect')
001.338  000.026  000.026: require('vim._options')
001.340  000.097  000.043: require('vim._editor')
001.341  000.149  000.021: require('vim._init_packages')
001.343  000.333: init lua interpreter
003.576  002.234: expanding arguments
003.591  000.014: inits 2
003.823  000.232: init highlight
003.823  000.001: waiting for UI
003.959  000.136: done waiting for UI
003.970  000.011: clear screen
004.107  000.012  000.012: require('vim.keymap')
005.012  000.148  000.148: sourcing nvim_exec2()
047.188  043.215  043.055: require('vim._defaults')
047.195  000.010: init default mappings & autocommands
047.755  000.068  000.068: sourcing /opt/homebrew/Cellar/neovim/0.11.5_1/share/nvim/runtime/ftplugin.vim
047.846  000.032  000.032: sourcing /opt/homebrew/Cellar/neovim/0.11.5_1/share/nvim/runtime/indent.vim
048.208  000.136  000.136: require('vim.fs')
048.553  000.342  000.342: require('vim.uri')
048.574  000.543  000.064: require('vim.loader')
049.121  000.519  000.519: require('core.options')
050.253  000.003  000.003: require('vim.F')
050.286  000.539  000.536: require('vim.diagnostic')
050.293  001.170  000.630: require('core.keymaps')
050.520  000.120  000.120: require('vim.hl')
050.528  000.234  000.113: require('core.autocmds')
050.637  000.108  000.108: require('core.highlights')
051.255  000.569  000.569: require('lazy')
051.283  000.018  000.018: require('ffi')
051.414  000.128  000.128: require('lazy.stats')
051.604  000.147  000.147: require('lazy.core.util')
051.890  000.284  000.284: require('lazy.core.config')
052.100  000.091  000.091: require('lazy.core.handler')
052.492  000.145  000.145: require('lazy.pkg')
052.495  000.296  000.151: require('lazy.core.meta')
052.499  000.397  000.101: require('lazy.core.plugin')
052.504  000.613  000.124: require('lazy.core.loader')
052.897  000.094  000.094: require('lazy.core.fragments')
087.027  000.188  000.188: require('lazy.core.handler.event')
087.135  000.104  000.104: require('lazy.core.handler.ft')
087.250  000.112  000.112: require('lazy.core.handler.keys')
087.346  000.095  000.095: require('lazy.core.handler.cmd')
087.431  000.013  000.013: sourcing nvim_exec2() called at /Users/elghaz/dotfiles/nvim/.config/nvim/init.lua:0
087.540  000.011  000.011: sourcing /Users/elghaz/.local/share/nvim/lazy/templ.vim/ftdetect/templ.vim
087.542  000.070  000.059: sourcing nvim_exec2() called at /Users/elghaz/dotfiles/nvim/.config/nvim/init.lua:0
087.581  000.001  000.001: sourcing nvim_exec2() called at /Users/elghaz/dotfiles/nvim/.config/nvim/init.lua:0
088.512  000.170  000.170: sourcing nvim_exec2() called at /opt/homebrew/Cellar/neovim/0.11.5_1/share/nvim/runtime/filetype.lua:0
088.516  000.254  000.085: sourcing /opt/homebrew/Cellar/neovim/0.11.5_1/share/nvim/runtime/filetype.lua
088.518  000.309  000.055: sourcing nvim_exec2() called at /Users/elghaz/dotfiles/nvim/.config/nvim/init.lua:0
088.605  000.001  000.001: sourcing nvim_exec2() called at /Users/elghaz/dotfiles/nvim/.config/nvim/init.lua:0
088.614  000.001  000.001: sourcing nvim_exec2() called at /Users/elghaz/dotfiles/nvim/.config/nvim/init.lua:0
088.988  000.371  000.371: require('catppuccin')
089.171  000.102  000.102: require('catppuccin.lib.hashing')
091.003  001.160  001.160: sourcing /Users/elghaz/.local/share/nvim/lazy/catppuccin/colors/catppuccin.vim
091.041  000.001  000.001: sourcing nvim_exec2() called at /Users/elghaz/dotfiles/nvim/.config/nvim/init.lua:0
091.046  000.001  000.001: sourcing nvim_exec2() called at /Users/elghaz/dotfiles/nvim/.config/nvim/init.lua:0
091.532  000.483  000.483: require('mini.ai')
092.185  000.266  000.266: require('mini.surround')
094.422  000.261  000.261: require('mini.statusline')
094.514  000.001  000.001: sourcing nvim_exec2() called at /Users/elghaz/dotfiles/nvim/.config/nvim/init.lua:0
094.523  000.001  000.001: sourcing nvim_exec2() called at /Users/elghaz/dotfiles/nvim/.config/nvim/init.lua:0
095.368  000.116  000.116: require('ibl.utils')
095.372  000.240  000.124: require('ibl.config')
095.566  000.092  000.092: require('ibl.indent')
095.570  000.197  000.105: require('ibl.hooks')
095.572  000.638  000.201: require('ibl.highlights')
095.646  000.073  000.073: require('ibl.autocmds')
095.706  000.059  000.059: require('ibl.inlay_hints')
095.764  000.058  000.058: require('ibl.virt_text')
095.943  000.122  000.122: require('ibl.scope_languages')
095.944  000.179  000.057: require('ibl.scope')
095.948  001.414  000.408: require('ibl')
096.170  000.083  000.083: require('vim.iter')
096.373  000.076  000.076: require('vim.lsp.log')
096.628  000.254  000.254: require('vim.lsp.protocol')
096.755  000.125  000.125: require('vim.lsp.util')
096.873  000.056  000.056: require('vim.lsp.sync')
096.876  000.120  000.064: require('vim.lsp._changetracking')
097.012  000.065  000.065: require('vim.lsp._transport')
097.019  000.142  000.077: require('vim.lsp.rpc')
097.092  000.896  000.179: require('vim.lsp')
097.377  000.152  000.152: require('vim.lsp.completion')
097.428  000.335  000.183: require('vim.lsp.handlers')
097.636  000.001  000.001: sourcing nvim_exec2() called at /Users/elghaz/dotfiles/nvim/.config/nvim/init.lua:0
097.641  000.001  000.001: sourcing nvim_exec2() called at /Users/elghaz/dotfiles/nvim/.config/nvim/init.lua:0
098.055  000.127  000.127: require('lualine_require')
098.312  000.668  000.541: require('lualine')
099.018  000.010  000.010: sourcing nvim_exec2() called at /Users/elghaz/dotfiles/nvim/.config/nvim/init.lua:0
099.588  000.006  000.006: sourcing nvim_exec2() called at /Users/elghaz/dotfiles/nvim/.config/nvim/init.lua:0
099.677  000.003  000.003: sourcing nvim_exec2() called at /Users/elghaz/dotfiles/nvim/.config/nvim/init.lua:0
099.688  000.002  000.002: sourcing nvim_exec2() called at /Users/elghaz/dotfiles/nvim/.config/nvim/init.lua:0
099.712  000.002  000.002: sourcing nvim_exec2() called at /Users/elghaz/dotfiles/nvim/.config/nvim/init.lua:0
099.717  000.001  000.001: sourcing nvim_exec2() called at /Users/elghaz/dotfiles/nvim/.config/nvim/init.lua:0
099.722  000.001  000.001: sourcing nvim_exec2() called at /Users/elghaz/dotfiles/nvim/.config/nvim/init.lua:0
099.726  000.001  000.001: sourcing nvim_exec2() called at /Users/elghaz/dotfiles/nvim/.config/nvim/init.lua:0
099.736  000.001  000.001: sourcing nvim_exec2() called at /Users/elghaz/dotfiles/nvim/.config/nvim/init.lua:0
099.741  000.001  000.001: sourcing nvim_exec2() called at /Users/elghaz/dotfiles/nvim/.config/nvim/init.lua:0
099.746  000.001  000.001: sourcing nvim_exec2() called at /Users/elghaz/dotfiles/nvim/.config/nvim/init.lua:0
099.753  000.004  000.004: sourcing nvim_exec2() called at /Users/elghaz/dotfiles/nvim/.config/nvim/init.lua:0
100.780  000.012  000.012: sourcing nvim_exec2() called at /Users/elghaz/dotfiles/nvim/.config/nvim/init.lua:0
100.785  000.002  000.002: sourcing nvim_exec2() called at /Users/elghaz/dotfiles/nvim/.config/nvim/init.lua:0
100.789  000.002  000.002: sourcing nvim_exec2() called at /Users/elghaz/dotfiles/nvim/.config/nvim/init.lua:0
100.792  000.001  000.001: sourcing nvim_exec2() called at /Users/elghaz/dotfiles/nvim/.config/nvim/init.lua:0
101.150  000.088  000.088: require('lualine.utils.mode')
101.388  000.004  000.004: sourcing nvim_exec2() called at /Users/elghaz/dotfiles/nvim/.config/nvim/init.lua:0
101.392  000.001  000.001: sourcing nvim_exec2() called at /Users/elghaz/dotfiles/nvim/.config/nvim/init.lua:0
101.574  000.004  000.004: sourcing nvim_exec2() called at /Users/elghaz/dotfiles/nvim/.config/nvim/init.lua:0
101.587  000.002  000.002: sourcing nvim_exec2() called at /Users/elghaz/dotfiles/nvim/.config/nvim/init.lua:0
101.599  000.010  000.010: sourcing nvim_exec2() called at /Users/elghaz/dotfiles/nvim/.config/nvim/init.lua:0
101.635  000.004  000.004: sourcing nvim_exec2() called at /Users/elghaz/dotfiles/nvim/.config/nvim/init.lua:0
101.642  000.002  000.002: sourcing nvim_exec2() called at /Users/elghaz/dotfiles/nvim/.config/nvim/init.lua:0
102.247  000.130  000.130: require('Comment.config')
102.450  000.099  000.099: require('Comment.ft')
102.453  000.204  000.105: require('Comment.utils')
102.544  000.090  000.090: require('Comment.opfunc')
102.599  000.054  000.054: require('Comment.extra')
102.601  000.778  000.300: require('Comment.api')
102.678  000.913  000.135: sourcing /Users/elghaz/.local/share/nvim/lazy/Comment.nvim/plugin/Comment.lua
102.680  000.952  000.039: sourcing nvim_exec2() called at /Users/elghaz/dotfiles/nvim/.config/nvim/init.lua:0
102.685  000.001  000.001: sourcing nvim_exec2() called at /Users/elghaz/dotfiles/nvim/.config/nvim/init.lua:0
102.690  000.001  000.001: sourcing nvim_exec2() called at /Users/elghaz/dotfiles/nvim/.config/nvim/init.lua:0
102.827  000.049  000.049: sourcing /Users/elghaz/.local/share/nvim/lazy/vim-tmux-navigator/plugin/tmux_navigator.vim
102.832  000.082  000.034: sourcing nvim_exec2() called at /Users/elghaz/dotfiles/nvim/.config/nvim/init.lua:0
102.835  000.001  000.001: sourcing nvim_exec2() called at /Users/elghaz/dotfiles/nvim/.config/nvim/init.lua:0
102.840  000.001  000.001: sourcing nvim_exec2() called at /Users/elghaz/dotfiles/nvim/.config/nvim/init.lua:0
103.326  000.056  000.056: require('vim.treesitter.language')
103.374  000.047  000.047: require('vim.func')
103.427  000.050  000.050: require('vim.func._memoize')
103.461  000.257  000.105: require('vim.treesitter.query')
103.524  000.062  000.062: require('vim.treesitter._range')
103.531  000.404  000.084: require('vim.treesitter.languagetree')
103.534  000.469  000.065: require('vim.treesitter')
103.613  000.588  000.119: sourcing /Users/elghaz/.local/share/nvim/lazy/nvim-treesitter/plugin/filetypes.lua
103.615  000.617  000.029: sourcing nvim_exec2() called at /Users/elghaz/dotfiles/nvim/.config/nvim/init.lua:0
103.713  000.067  000.067: sourcing /Users/elghaz/.local/share/nvim/lazy/nvim-treesitter/plugin/nvim-treesitter.lua
103.715  000.096  000.029: sourcing nvim_exec2() called at /Users/elghaz/dotfiles/nvim/.config/nvim/init.lua:0
103.778  000.034  000.034: sourcing /Users/elghaz/.local/share/nvim/lazy/nvim-treesitter/plugin/query_predicates.lua
103.780  000.062  000.028: sourcing nvim_exec2() called at /Users/elghaz/dotfiles/nvim/.config/nvim/init.lua:0
103.782  000.001  000.001: sourcing nvim_exec2() called at /Users/elghaz/dotfiles/nvim/.config/nvim/init.lua:0
103.786  000.001  000.001: sourcing nvim_exec2() called at /Users/elghaz/dotfiles/nvim/.config/nvim/init.lua:0
104.048  000.238  000.238: require('nvim-treesitter.config')
104.222  000.001  000.001: sourcing nvim_exec2() called at /Users/elghaz/dotfiles/nvim/.config/nvim/init.lua:0
104.226  000.001  000.001: sourcing nvim_exec2() called at /Users/elghaz/dotfiles/nvim/.config/nvim/init.lua:0
104.731  000.047  000.047: require('mason-core.path')
104.897  000.051  000.051: require('mason-core.functional.data')
104.959  000.054  000.054: require('mason-core.functional.function')
105.034  000.061  000.061: require('mason-core.functional.list')
105.110  000.061  000.061: require('mason-core.functional.relation')
105.160  000.048  000.048: require('mason-core.functional.logic')
105.209  000.047  000.047: require('mason-core.functional.number')
105.261  000.049  000.049: require('mason-core.functional.string')
105.333  000.071  000.071: require('mason-core.functional.table')
105.393  000.058  000.058: require('mason-core.functional.type')
105.394  000.607  000.109: require('mason-core.functional')
105.412  000.680  000.073: require('mason-core.platform')
105.502  000.089  000.089: require('mason.settings')
105.504  000.873  000.057: require('mason-core.installer.InstallLocation')
105.672  000.063  000.063: require('mason-core.log')
105.673  000.117  000.054: require('mason-core.EventEmitter')
105.761  000.087  000.087: require('mason-registry.sources')
105.764  000.259  000.055: require('mason-registry')
105.765  001.383  000.251: require('mason')
105.874  000.078  000.078: require('mason.api.command')
105.896  000.001  000.001: sourcing nvim_exec2() called at /Users/elghaz/dotfiles/nvim/.config/nvim/init.lua:0
105.899  000.001  000.001: sourcing nvim_exec2() called at /Users/elghaz/dotfiles/nvim/.config/nvim/init.lua:0
106.154  000.038  000.038: sourcing /Users/elghaz/.local/share/nvim/lazy/mason-tool-installer.nvim/plugin/mason-tool-installer.lua
106.156  000.070  000.031: sourcing nvim_exec2() called at /Users/elghaz/dotfiles/nvim/.config/nvim/init.lua:0
106.173  000.001  000.001: sourcing nvim_exec2() called at /Users/elghaz/dotfiles/nvim/.config/nvim/init.lua:0
106.177  000.001  000.001: sourcing nvim_exec2() called at /Users/elghaz/dotfiles/nvim/.config/nvim/init.lua:0
106.342  000.001  000.001: sourcing nvim_exec2() called at /Users/elghaz/dotfiles/nvim/.config/nvim/init.lua:0
106.371  000.001  000.001: sourcing nvim_exec2() called at /Users/elghaz/dotfiles/nvim/.config/nvim/init.lua:0
106.845  000.070  000.070: require('fidget.spinner.patterns')
106.846  000.115  000.045: require('fidget.spinner')
106.995  000.090  000.090: require('fidget.health')
106.997  000.149  000.059: require('fidget.options')
107.006  000.326  000.061: require('fidget.progress.display')
107.144  000.077  000.077: require('fidget.logger')
107.170  000.163  000.086: require('fidget.progress.lsp')
107.458  000.130  000.130: require('fidget.poll')
107.460  000.185  000.055: require('fidget.notification.model')
107.551  000.091  000.091: require('fidget.notification.window')
107.632  000.080  000.080: require('fidget.notification.view')
107.642  000.422  000.067: require('fidget.notification')
107.644  000.473  000.051: require('fidget.progress.handle')
107.648  001.019  000.058: require('fidget.progress')
107.714  000.065  000.065: require('fidget.commands')
107.805  000.046  000.046: require('fidget.integration.nvim-tree')
107.850  000.045  000.045: require('fidget.integration.xcodebuild-nvim')
107.852  000.138  000.047: require('fidget.integration')
107.855  001.429  000.208: require('fidget')
108.208  000.001  000.001: sourcing nvim_exec2() called at /Users/elghaz/dotfiles/nvim/.config/nvim/init.lua:0
108.211  000.000  000.000: sourcing nvim_exec2() called at /Users/elghaz/dotfiles/nvim/.config/nvim/init.lua:0
108.754  000.089  000.089: require('luasnip.util.types')
108.805  000.050  000.050: require('luasnip.util.lazy_table')
108.859  000.053  000.053: require('luasnip.extras.filetype_functions')
108.871  000.279  000.086: require('luasnip.default_config')
108.872  000.349  000.070: require('luasnip.session')
109.013  000.092  000.092: require('vim.version')
109.687  000.815  000.723: require('luasnip.util.vimversion')
109.693  001.241  000.078: require('luasnip.util.util')
109.894  000.139  000.139: require('luasnip.util.path')
110.026  000.059  000.059: require('luasnip.session.snippet_collection.source')
110.074  000.047  000.047: require('luasnip.util.table')
110.126  000.051  000.051: require('luasnip.util.auto_table')
110.131  000.237  000.080: require('luasnip.session.snippet_collection')
110.214  000.082  000.082: require('luasnip.util.log')
110.217  000.523  000.066: require('luasnip.loaders.util')
110.309  000.090  000.090: require('luasnip.loaders.fs_watchers')
110.358  000.048  000.048: require('luasnip.loaders.data')
110.409  000.051  000.051: require('luasnip.session.enqueueable_operations')
110.882  000.093  000.093: require('luasnip.util.ext_opts')
110.955  000.070  000.070: require('luasnip.nodes.key_indexer')
111.083  000.127  000.127: require('luasnip.util.feedkeys')
111.090  000.409  000.119: require('luasnip.nodes.util')
111.165  000.074  000.074: require('luasnip.util.events')
111.181  000.582  000.099: require('luasnip.nodes.node')
111.396  000.077  000.077: require('luasnip.util.extend_decorator')
111.405  000.224  000.146: require('luasnip.nodes.insertNode')
111.521  000.115  000.115: require('luasnip.nodes.textNode')
111.668  000.134  000.134: require('luasnip.util.mark')
111.917  000.080  000.080: require('luasnip.util.select')
111.961  000.043  000.043: require('luasnip.util.time')
112.335  000.578  000.456: require('luasnip.util._builtin_vars')
112.427  000.759  000.180: require('luasnip.util.environ')
112.479  000.051  000.051: require('luasnip.util.pattern_tokenizer')
112.525  000.045  000.045: require('luasnip.util.dict')
113.020  000.006  000.006: require('jsregexp.core')
113.022  000.062  000.057: require('luasnip-jsregexp')
113.029  000.457  000.395: require('luasnip.util.jsregexp')
113.031  000.505  000.048: require('luasnip.nodes.util.trig_engines')
113.066  002.576  000.162: require('luasnip.nodes.snippet')
113.229  000.054  000.054: require('luasnip.util.parser.neovim_ast')
113.281  000.051  000.051: require('luasnip.util.str')
113.332  000.050  000.050: require('luasnip.util.directed_graph')
113.334  000.212  000.058: require('luasnip.util.parser.ast_utils')
113.391  000.056  000.056: require('luasnip.nodes.functionNode')
113.453  000.060  000.060: require('luasnip.nodes.choiceNode')
113.546  000.093  000.093: require('luasnip.nodes.dynamicNode')
113.593  000.046  000.046: require('luasnip.util.functions')
113.596  000.528  000.060: require('luasnip.util.parser.ast_parser')
113.683  000.087  000.087: require('luasnip.util.parser.neovim_parser')
113.686  003.276  000.084: require('luasnip.util.parser')
113.737  000.050  000.050: require('luasnip.nodes.snippetProxy')
113.815  000.077  000.077: require('luasnip.util.jsonc')
113.905  000.045  000.045: require('luasnip.nodes.duplicate')
113.906  000.090  000.045: require('luasnip.loaders.snippet_cache')
113.909  005.697  000.251: require('luasnip.loaders.from_vscode')
116.167  000.052  000.052: require('luasnip.nodes.multiSnippet')
117.330  000.562  000.562: require('vim.filetype')
117.524  000.059  000.059: require('luasnip.config')
117.641  000.051  000.051: require('luasnip.loaders')
117.669  000.142  000.091: require('luasnip')
117.677  000.936  000.173: sourcing /Users/elghaz/.local/share/nvim/lazy/LuaSnip/plugin/luasnip.lua
117.679  000.964  000.028: sourcing nvim_exec2() called at /Users/elghaz/dotfiles/nvim/.config/nvim/init.lua:0
117.720  000.013  000.013: sourcing /Users/elghaz/.local/share/nvim/lazy/LuaSnip/plugin/luasnip.vim
117.721  000.038  000.025: sourcing nvim_exec2() called at /Users/elghaz/dotfiles/nvim/.config/nvim/init.lua:0
117.724  000.001  000.001: sourcing nvim_exec2() called at /Users/elghaz/dotfiles/nvim/.config/nvim/init.lua:0
117.728  000.000  000.000: sourcing nvim_exec2() called at /Users/elghaz/dotfiles/nvim/.config/nvim/init.lua:0
117.770  000.001  000.001: sourcing nvim_exec2() called at /Users/elghaz/dotfiles/nvim/.config/nvim/init.lua:0
117.773  000.000  000.000: sourcing nvim_exec2() called at /Users/elghaz/dotfiles/nvim/.config/nvim/init.lua:0
117.918  000.065  000.065: require('blink.cmp')
118.021  000.050  000.050: require('blink.cmp.lib.async')
118.113  000.042  000.042: require('blink.cmp.config.utils')
118.158  000.045  000.045: require('blink.cmp.config.keymap')
118.269  000.042  000.042: require('blink.cmp.config.completion.keyword')
118.314  000.044  000.044: require('blink.cmp.config.completion.trigger')
118.368  000.053  000.053: require('blink.cmp.config.completion.list')
118.415  000.047  000.047: require('blink.cmp.config.completion.accept')
118.469  000.053  000.053: require('blink.cmp.config.completion.menu')
118.516  000.047  000.047: require('blink.cmp.config.completion.documentation')
118.562  000.046  000.046: require('blink.cmp.config.completion.ghost_text')
118.563  000.404  000.073: require('blink.cmp.config.completion')
118.612  000.048  000.048: require('blink.cmp.config.fuzzy')
118.670  000.058  000.058: require('blink.cmp.config.sources')
118.716  000.045  000.045: require('blink.cmp.config.signature')
118.764  000.047  000.047: require('blink.cmp.config.snippets')
118.809  000.044  000.044: require('blink.cmp.config.appearance')
118.852  000.043  000.043: require('blink.cmp.config.modes.cmdline')
118.895  000.042  000.042: require('blink.cmp.config.modes.term')
118.896  000.874  000.056: require('blink.cmp.config')
118.948  000.051  000.051: require('blink.cmp.lib.utils')
119.015  000.066  000.066: require('blink.cmp.lib.event_emitter')
119.017  001.098  000.058: require('blink.cmp.sources.lib')
119.025  001.203  000.040: sourcing /Users/elghaz/.local/share/nvim/lazy/blink.cmp/plugin/blink-cmp.lua
119.027  001.228  000.025: sourcing nvim_exec2() called at /Users/elghaz/dotfiles/nvim/.config/nvim/init.lua:0
119.029  000.001  000.001: sourcing nvim_exec2() called at /Users/elghaz/dotfiles/nvim/.config/nvim/init.lua:0
119.032  000.000  000.000: sourcing nvim_exec2() called at /Users/elghaz/dotfiles/nvim/.config/nvim/init.lua:0
119.086  000.043  000.043: require('blink-cmp')
119.948  000.051  000.051: require('blink.cmp.config.modes.types')
120.314  000.068  000.068: require('blink.cmp.fuzzy.download.system')
120.352  000.158  000.090: require('blink.cmp.fuzzy.download.files')
120.353  000.203  000.045: require('blink.cmp.fuzzy.download.git')
120.355  000.292  000.088: require('blink.cmp.fuzzy.download')
120.442  000.066  000.066: require('vim._system')
168.604  000.219  000.219: require('lspconfig.util')
168.623  000.328  000.109: sourcing /Users/elghaz/.local/share/nvim/lazy/nvim-lspconfig/plugin/lspconfig.lua
168.625  000.372  000.044: sourcing nvim_exec2() called at /Users/elghaz/dotfiles/nvim/.config/nvim/init.lua:0
168.632  000.002  000.002: sourcing nvim_exec2() called at /Users/elghaz/dotfiles/nvim/.config/nvim/init.lua:0
168.638  000.001  000.001: sourcing nvim_exec2() called at /Users/elghaz/dotfiles/nvim/.config/nvim/init.lua:0
168.993  000.069  000.069: require('mason.version')
169.026  000.199  000.130: require('mason-tool-installer')
169.155  000.057  000.057: require('mason-lspconfig.settings')
169.157  000.120  000.063: require('mason-lspconfig')
169.442  000.001  000.001: sourcing nvim_exec2() called at /Users/elghaz/dotfiles/nvim/.config/nvim/init.lua:0
169.447  000.001  000.001: sourcing nvim_exec2() called at /Users/elghaz/dotfiles/nvim/.config/nvim/init.lua:0
169.545  000.060  000.060: require('mason-core.optional')
169.550  000.392  000.330: require('mason-null-ls.mappings.source')
170.361  000.019  000.019: sourcing /Users/elghaz/.local/share/nvim/lazy/nvim-colorizer.lua/plugin/colorizer.vim
170.362  000.048  000.028: sourcing nvim_exec2() called at /Users/elghaz/dotfiles/nvim/.config/nvim/init.lua:0
170.365  000.001  000.001: sourcing nvim_exec2() called at /Users/elghaz/dotfiles/nvim/.config/nvim/init.lua:0
170.371  000.000  000.000: sourcing nvim_exec2() called at /Users/elghaz/dotfiles/nvim/.config/nvim/init.lua:0
170.726  000.118  000.118: require('colorizer/nvim')
170.839  000.112  000.112: require('colorizer/trie')
170.930  000.558  000.329: require('colorizer')
171.514  000.086  000.086: require('vim.health')
171.517  000.154  000.068: require('vim.deprecated.health')
172.168  000.468  000.468: sourcing /Users/elghaz/.local/share/nvim/lazy/vim-fugitive/plugin/fugitive.vim
172.169  000.508  000.040: sourcing nvim_exec2() called at /Users/elghaz/dotfiles/nvim/.config/nvim/init.lua:0
172.173  000.001  000.001: sourcing nvim_exec2() called at /Users/elghaz/dotfiles/nvim/.config/nvim/init.lua:0
172.251  000.005  000.005: sourcing /Users/elghaz/.local/share/nvim/lazy/vim-fugitive/ftdetect/fugitive.vim
172.252  000.034  000.030: sourcing nvim_exec2() called at /Users/elghaz/dotfiles/nvim/.config/nvim/init.lua:0
172.255  000.001  000.001: sourcing nvim_exec2() called at /Users/elghaz/dotfiles/nvim/.config/nvim/init.lua:0
172.593  000.001  000.001: sourcing nvim_exec2() called at /Users/elghaz/dotfiles/nvim/.config/nvim/init.lua:0
172.597  000.000  000.000: sourcing nvim_exec2() called at /Users/elghaz/dotfiles/nvim/.config/nvim/init.lua:0
172.614  000.001  000.001: sourcing nvim_exec2() called at /Users/elghaz/dotfiles/nvim/.config/nvim/init.lua:0
172.618  000.000  000.000: sourcing nvim_exec2() called at /Users/elghaz/dotfiles/nvim/.config/nvim/init.lua:0
173.033  000.059  000.059: require('null-ls.utils.tbl_flatten')
173.064  000.191  000.132: require('null-ls.utils')
173.080  000.260  000.069: require('null-ls.config')
173.207  000.051  000.051: require('null-ls.helpers.cache')
173.254  000.046  000.046: require('null-ls.helpers.check_exit_code')
173.319  000.064  000.064: require('null-ls.helpers.diagnostics')
173.367  000.048  000.048: require('null-ls.helpers.formatter_factory')
173.525  000.093  000.093: require('null-ls.logger')
173.607  000.081  000.081: require('null-ls.state')
173.610  000.242  000.068: require('null-ls.helpers.generator_factory')
173.721  000.057  000.057: require('null-ls.helpers.command_resolver')
173.723  000.112  000.056: require('null-ls.helpers.make_builtin')
173.770  000.047  000.047: require('null-ls.helpers.range_formatting_args_factory')
173.771  000.690  000.080: require('null-ls.helpers')
174.002  000.086  000.086: require('null-ls.methods')
174.007  000.155  000.069: require('null-ls.diagnostics')
174.011  000.239  000.084: require('null-ls.sources')
174.075  000.063  000.063: require('null-ls.builtins')
174.076  001.457  000.204: require('null-ls')
174.179  000.051  000.051: require('mason-null-ls.automatic_setup')
174.180  000.103  000.052: require('mason-null-ls')
174.350  000.170  000.170: require('mason-null-ls.settings')
174.471  000.101  000.101: require('mason-null-ls.ensure_installed')
174.624  000.148  000.148: require('mason-core.async')
174.861  000.140  000.140: require('mason-core.async.control')
174.984  000.123  000.123: require('mason-core.result')
175.199  000.100  000.100: require('mason-core.async.uv')
175.217  000.232  000.132: require('mason-core.fs')
175.241  000.616  000.121: require('mason-registry.installer')
175.780  000.099  000.099: require('mason-core.process')
175.831  000.050  000.050: require('mason-core.spawn')
175.833  000.234  000.085: require('mason-core.installer.managers.powershell')
175.834  000.358  000.124: require('mason-core.fetch')
175.879  000.044  000.044: require('mason-core.providers')
176.084  000.066  000.066: require('mason-core.purl')
176.088  000.119  000.053: require('mason-core.package.AbstractPackage')
176.285  000.048  000.048: require('mason-core.installer.compiler.expr')
176.289  000.103  000.056: require('mason-core.installer.compiler.link')
176.517  000.044  000.044: require('mason-core.installer.context.InstallContextCwd')
176.561  000.043  000.043: require('mason-core.installer.context.InstallContextFs')
176.600  000.039  000.039: require('mason-core.installer.context.InstallContextSpawn')
176.645  000.043  000.043: require('mason-core.receipt')
176.653  000.230  000.060: require('mason-core.installer.context')
176.654  000.272  000.042: require('mason-core.installer')
176.660  000.328  000.056: require('mason-core.installer.managers.std')
176.661  000.371  000.044: require('mason-core.installer.compiler.schemas')
176.703  000.042  000.042: require('mason-core.installer.compiler.util')
176.707  000.570  000.054: require('mason-core.installer.compiler')
176.755  000.048  000.048: require('mason-core.installer.linker')
176.757  000.669  000.051: require('mason-core.installer.InstallRunner')
176.800  000.043  000.043: require('mason-core.installer.UninstallRunner')
176.803  000.883  000.052: require('mason-core.package')
176.804  000.925  000.042: require('mason-registry.sources.util')
176.808  001.439  000.113: require('mason-registry.sources.github')
178.849  000.046  000.046: require('mason-null-ls.automatic_installation')
178.957  000.038  000.038: require('mason-core.notify')
178.968  000.099  000.060: require('mason-null-ls.api.command')
179.060  000.092  000.092: require('null-ls.builtins.diagnostics.checkmake')
179.134  000.072  000.072: require('null-ls.builtins.formatting.prettier')
179.182  000.044  000.044: require('null-ls.builtins.formatting.stylua')
179.226  000.043  000.043: require('null-ls.builtins.formatting.shfmt')
179.289  000.060  000.060: require('null-ls.builtins.formatting.gofmt')
179.607  000.048  000.048: require('null-ls.loop')
179.610  000.103  000.055: require('null-ls.client')
179.734  000.035  000.035: sourcing /Users/elghaz/.local/share/nvim/lazy/vim-rhubarb/plugin/rhubarb.vim
179.736  000.067  000.032: sourcing nvim_exec2() called at /Users/elghaz/dotfiles/nvim/.config/nvim/init.lua:0
179.738  000.001  000.001: sourcing nvim_exec2() called at /Users/elghaz/dotfiles/nvim/.config/nvim/init.lua:0
179.742  000.000  000.000: sourcing nvim_exec2() called at /Users/elghaz/dotfiles/nvim/.config/nvim/init.lua:0
180.145  000.179  000.179: require('gitsigns')
201.794  000.225  000.225: require('gitsigns.highlight')
201.863  000.060  000.060: require('gitsigns.debug.log')
201.947  000.083  000.083: require('gitsigns.config')
202.222  000.047  000.047: require('gitsigns.debounce')
202.228  022.282  021.688: sourcing /Users/elghaz/.local/share/nvim/lazy/gitsigns.nvim/plugin/gitsigns.lua
202.232  022.309  000.027: sourcing nvim_exec2() called at /Users/elghaz/dotfiles/nvim/.config/nvim/init.lua:0
202.237  000.002  000.002: sourcing nvim_exec2() called at /Users/elghaz/dotfiles/nvim/.config/nvim/init.lua:0
202.243  000.001  000.001: sourcing nvim_exec2() called at /Users/elghaz/dotfiles/nvim/.config/nvim/init.lua:0
223.288  000.264  000.264: sourcing /Users/elghaz/.local/share/nvim/lazy/vim-sleuth/plugin/sleuth.vim
223.290  000.305  000.041: sourcing nvim_exec2() called at /Users/elghaz/dotfiles/nvim/.config/nvim/init.lua:0
223.295  000.001  000.001: sourcing nvim_exec2() called at /Users/elghaz/dotfiles/nvim/.config/nvim/init.lua:0
223.300  000.001  000.001: sourcing nvim_exec2() called at /Users/elghaz/dotfiles/nvim/.config/nvim/init.lua:0
223.442  000.040  000.040: sourcing /opt/homebrew/Cellar/neovim/0.11.5_1/share/nvim/runtime/plugin/editorconfig.lua
223.444  000.079  000.039: sourcing nvim_exec2() called at /Users/elghaz/dotfiles/nvim/.config/nvim/init.lua:0
223.549  000.072  000.072: sourcing /opt/homebrew/Cellar/neovim/0.11.5_1/share/nvim/runtime/plugin/gzip.vim
223.550  000.104  000.032: sourcing nvim_exec2() called at /Users/elghaz/dotfiles/nvim/.config/nvim/init.lua:0
223.619  000.036  000.036: sourcing /opt/homebrew/Cellar/neovim/0.11.5_1/share/nvim/runtime/plugin/man.lua
223.620  000.067  000.031: sourcing nvim_exec2() called at /Users/elghaz/dotfiles/nvim/.config/nvim/init.lua:0
244.248  000.116  000.116: sourcing /opt/homebrew/Cellar/neovim/0.11.5_1/share/nvim/runtime/pack/dist/opt/matchit/plugin/matchit.vim
244.259  020.607  020.490: sourcing /opt/homebrew/Cellar/neovim/0.11.5_1/share/nvim/runtime/plugin/matchit.vim
244.261  020.639  000.032: sourcing nvim_exec2() called at /Users/elghaz/dotfiles/nvim/.config/nvim/init.lua:0
244.426  000.117  000.117: sourcing /opt/homebrew/Cellar/neovim/0.11.5_1/share/nvim/runtime/plugin/matchparen.vim
244.427  000.158  000.041: sourcing nvim_exec2() called at /Users/elghaz/dotfiles/nvim/.config/nvim/init.lua:0
245.005  000.133  000.133: sourcing /opt/homebrew/Cellar/neovim/0.11.5_1/share/nvim/runtime/pack/dist/opt/netrw/plugin/netrwPlugin.vim
245.013  000.549  000.416: sourcing /opt/homebrew/Cellar/neovim/0.11.5_1/share/nvim/runtime/plugin/netrwPlugin.vim
245.015  000.582  000.034: sourcing nvim_exec2() called at /Users/elghaz/dotfiles/nvim/.config/nvim/init.lua:0
245.111  000.053  000.053: sourcing /opt/homebrew/Cellar/neovim/0.11.5_1/share/nvim/runtime/plugin/osc52.lua
245.112  000.095  000.042: sourcing nvim_exec2() called at /Users/elghaz/dotfiles/nvim/.config/nvim/init.lua:0
245.224  000.074  000.074: sourcing /opt/homebrew/Cellar/neovim/0.11.5_1/share/nvim/runtime/plugin/rplugin.vim
245.225  000.111  000.036: sourcing nvim_exec2() called at /Users/elghaz/dotfiles/nvim/.config/nvim/init.lua:0
245.292  000.030  000.030: sourcing /opt/homebrew/Cellar/neovim/0.11.5_1/share/nvim/runtime/plugin/shada.vim
245.293  000.065  000.036: sourcing nvim_exec2() called at /Users/elghaz/dotfiles/nvim/.config/nvim/init.lua:0
245.340  000.008  000.008: sourcing /opt/homebrew/Cellar/neovim/0.11.5_1/share/nvim/runtime/plugin/spellfile.vim
245.341  000.046  000.038: sourcing nvim_exec2() called at /Users/elghaz/dotfiles/nvim/.config/nvim/init.lua:0
245.419  000.041  000.041: sourcing /opt/homebrew/Cellar/neovim/0.11.5_1/share/nvim/runtime/plugin/tarPlugin.vim
245.445  000.101  000.060: sourcing nvim_exec2() called at /Users/elghaz/dotfiles/nvim/.config/nvim/init.lua:0
245.518  000.034  000.034: sourcing /opt/homebrew/Cellar/neovim/0.11.5_1/share/nvim/runtime/plugin/tohtml.lua
245.519  000.072  000.038: sourcing nvim_exec2() called at /Users/elghaz/dotfiles/nvim/.config/nvim/init.lua:0
245.568  000.010  000.010: sourcing /opt/homebrew/Cellar/neovim/0.11.5_1/share/nvim/runtime/plugin/tutor.vim
245.569  000.049  000.039: sourcing nvim_exec2() called at /Users/elghaz/dotfiles/nvim/.config/nvim/init.lua:0
245.667  000.056  000.056: sourcing /opt/homebrew/Cellar/neovim/0.11.5_1/share/nvim/runtime/plugin/zipPlugin.vim
245.668  000.097  000.041: sourcing nvim_exec2() called at /Users/elghaz/dotfiles/nvim/.config/nvim/init.lua:0
245.841  000.042  000.042: sourcing /Users/elghaz/.local/share/nvim/lazy/indent-blankline.nvim/after/plugin/commands.lua
245.842  000.077  000.035: sourcing nvim_exec2() called at /Users/elghaz/dotfiles/nvim/.config/nvim/init.lua:0
245.868  197.905  120.914: sourcing /Users/elghaz/.config/nvim/init.lua
245.873  000.673: sourcing vimrc file(s)
246.182  000.024  000.024: sourcing /opt/homebrew/Cellar/neovim/0.11.5_1/share/nvim/runtime/filetype.lua
246.380  000.029  000.029: sourcing /opt/homebrew/Cellar/neovim/0.11.5_1/share/nvim/runtime/syntax/synload.vim
246.435  000.181  000.152: sourcing /opt/homebrew/Cellar/neovim/0.11.5_1/share/nvim/runtime/syntax/syntax.vim
246.442  000.364: inits 3
247.101  000.658: reading ShaDa
247.318  000.144  000.144: require('luasnip.loaders.from_lua')
247.403  000.083  000.083: require('luasnip.loaders.from_snipmate')
247.465  000.138: opening buffers
247.519  000.054: BufEnter autocommands
247.520  000.001: editing files in windows
247.832  000.014  000.014: sourcing /Users/elghaz/.local/share/nvim/lazy/plenary.nvim/plugin/plenary.vim
247.833  000.051  000.037: sourcing nvim_exec2() called at VimEnter Autocommands for "*":0
247.837  000.001  000.001: sourcing nvim_exec2() called at VimEnter Autocommands for "*":0
247.841  000.000  000.000: sourcing nvim_exec2() called at VimEnter Autocommands for "*":0
247.959  000.013  000.013: sourcing /Users/elghaz/.local/share/nvim/lazy/todo-comments.nvim/plugin/todo.vim
247.961  000.046  000.033: sourcing nvim_exec2() called at VimEnter Autocommands for "*":0
247.987  000.001  000.001: sourcing nvim_exec2() called at VimEnter Autocommands for "*":0
247.992  000.000  000.000: sourcing nvim_exec2() called at VimEnter Autocommands for "*":0
248.382  000.050  000.050: require('todo-comments.util')
248.385  000.122  000.072: require('todo-comments.config')
248.495  000.063  000.063: require('todo-comments.highlight')
248.496  000.110  000.047: require('todo-comments.jump')
248.497  000.461  000.229: require('todo-comments')
248.536  000.005  000.005: sourcing nvim_exec2() called at VimEnter Autocommands for "*":0
248.540  000.002  000.002: sourcing nvim_exec2() called at VimEnter Autocommands for "*":0
248.542  000.001  000.001: sourcing nvim_exec2() called at VimEnter Autocommands for "*":0
248.547  000.001  000.001: sourcing nvim_exec2() called at VimEnter Autocommands for "*":0
248.549  000.001  000.001: sourcing nvim_exec2() called at VimEnter Autocommands for "*":0
248.551  000.001  000.001: sourcing nvim_exec2() called at VimEnter Autocommands for "*":0
248.558  000.001  000.001: sourcing nvim_exec2() called at VimEnter Autocommands for "*":0
248.560  000.001  000.001: sourcing nvim_exec2() called at VimEnter Autocommands for "*":0
248.561  000.001  000.001: sourcing nvim_exec2() called at VimEnter Autocommands for "*":0
248.593  000.002  000.002: sourcing nvim_exec2() called at VimEnter Autocommands for "*":0
248.595  000.001  000.001: sourcing nvim_exec2() called at VimEnter Autocommands for "*":0
248.597  000.001  000.001: sourcing nvim_exec2() called at VimEnter Autocommands for "*":0
248.602  000.001  000.001: sourcing nvim_exec2() called at VimEnter Autocommands for "*":0
248.605  000.001  000.001: sourcing nvim_exec2() called at VimEnter Autocommands for "*":0
248.607  000.001  000.001: sourcing nvim_exec2() called at VimEnter Autocommands for "*":0
248.610  000.001  000.001: sourcing nvim_exec2() called at VimEnter Autocommands for "*":0
248.612  000.001  000.001: sourcing nvim_exec2() called at VimEnter Autocommands for "*":0
248.614  000.001  000.001: sourcing nvim_exec2() called at VimEnter Autocommands for "*":0
248.653  000.002  000.002: sourcing nvim_exec2() called at VimEnter Autocommands for "*":0
248.655  000.001  000.001: sourcing nvim_exec2() called at VimEnter Autocommands for "*":0
248.657  000.001  000.001: sourcing nvim_exec2() called at VimEnter Autocommands for "*":0
248.775  000.074  000.074: require('vim.treesitter.highlighter')
248.916  000.029  000.029: sourcing /Users/elghaz/.local/share/nvim/lazy/which-key.nvim/plugin/which-key.lua
248.917  000.065  000.035: sourcing nvim_exec2() called at VimEnter Autocommands for "*":0
248.920  000.001  000.001: sourcing nvim_exec2() called at VimEnter Autocommands for "*":0
248.924  000.000  000.000: sourcing nvim_exec2() called at VimEnter Autocommands for "*":0
249.214  000.237  000.237: require('which-key')
249.287  000.072  000.072: require('which-key.config')
249.385  000.828: VimEnter autocommands
249.454  000.050  000.050: require('vim.termcap')
249.470  000.010  000.010: require('vim.text')
249.483  000.038: UIEnter autocommands
249.704  000.115  000.115: sourcing /opt/homebrew/Cellar/neovim/0.11.5_1/share/nvim/runtime/autoload/provider/clipboard.vim
249.707  000.109: before starting main loop
249.822  000.115: first screen update
249.823  000.001: --- NVIM STARTED ---

