--- Startup times for process: Primary (or UI client) ---

times in msec
 clock   self+sourced   self:  sourced script
 clock   elapsed:              other lines

000.000  000.000: --- NVIM STARTING ---
000.125  000.125: event init
000.373  000.247: early init
000.849  000.476: locale set
000.928  000.080: init first window
001.610  000.682: inits 1
001.623  000.012: window checked
001.626  000.003: parsing arguments
002.317  000.045  000.045: require('vim.shared')
002.407  000.034  000.034: require('vim.inspect')
002.456  000.041  000.041: require('vim._options')
002.458  000.138  000.062: require('vim._editor')
002.460  000.222  000.039: require('vim._init_packages')
002.462  000.615: init lua interpreter
005.839  003.377: nvim_ui_attach
006.155  000.316: nvim_set_client_info
006.156  000.001: --- NVIM STARTED ---

--- Startup times for process: Embedded ---

times in msec
 clock   self+sourced   self:  sourced script
 clock   elapsed:              other lines

000.000  000.000: --- NVIM STARTING ---
000.064  000.064: event init
000.324  000.261: early init
000.771  000.447: locale set
000.803  000.032: init first window
001.214  000.411: inits 1
001.228  000.014: window checked
001.230  000.002: parsing arguments
001.657  000.033  000.033: require('vim.shared')
001.732  000.035  000.035: require('vim.inspect')
001.767  000.029  000.029: require('vim._options')
001.769  000.110  000.047: require('vim._editor')
001.771  000.169  000.025: require('vim._init_packages')
001.772  000.374: init lua interpreter
003.627  001.855: expanding arguments
003.642  000.015: inits 2
003.869  000.228: init highlight
003.870  000.001: waiting for UI
004.003  000.133: done waiting for UI
004.011  000.008: clear screen
004.138  000.011  000.011: require('vim.keymap')
005.138  000.134  000.134: sourcing nvim_exec2()
049.085  045.072  044.927: require('vim._defaults')
049.093  000.009: init default mappings & autocommands
049.656  000.062  000.062: sourcing /opt/homebrew/Cellar/neovim/0.11.5_1/share/nvim/runtime/ftplugin.vim
049.736  000.021  000.021: sourcing /opt/homebrew/Cellar/neovim/0.11.5_1/share/nvim/runtime/indent.vim
050.401  000.454  000.454: require('core.options')
052.067  000.005  000.005: require('vim.F')
052.096  001.309  001.304: require('vim.diagnostic')
052.103  001.700  000.392: require('core.keymaps')
052.380  000.171  000.171: require('vim.hl')
052.384  000.279  000.109: require('core.autocmds')
052.476  000.091  000.091: require('core.highlights')
052.954  000.428  000.428: require('lazy')
053.041  000.085  000.085: require('plugins.colorscheme')
053.129  000.087  000.087: require('plugins.bufferline')
053.238  000.108  000.108: require('plugins.lualine')
053.317  000.078  000.078: require('plugins.treesitter')
053.448  000.130  000.130: require('plugins.telescope')
053.624  000.175  000.175: require('plugins.lsp')
085.531  031.906  031.906: require('plugins.autocompletions')
085.805  000.266  000.266: require('plugins.nonels')
085.908  000.101  000.101: require('plugins.indent')
085.984  000.075  000.075: require('plugins.templ')
086.064  000.078  000.078: require('plugins.gitsigns')
086.204  000.140  000.140: require('plugins.misc')
086.290  000.083  000.083: require('plugins.comment')
086.331  000.018  000.018: require('ffi')
086.408  000.053  000.053: require('vim.fs')
086.575  000.164  000.164: require('vim.uri')
086.591  000.257  000.040: require('vim.loader')
086.913  000.289  000.289: require('lazy.stats')
087.200  000.243  000.243: require('lazy.core.util')
087.359  000.158  000.158: require('lazy.core.config')
087.590  000.094  000.094: require('lazy.core.handler')
087.982  000.080  000.080: require('lazy.pkg')
087.985  000.180  000.100: require('lazy.core.meta')
087.990  000.399  000.218: require('lazy.core.plugin')
087.994  000.634  000.142: require('lazy.core.loader')
088.498  000.076  000.076: require('lazy.core.fragments')
121.014  000.093  000.093: require('lazy.core.handler.event')
121.018  000.297  000.204: require('lazy.core.handler.ft')
121.133  000.111  000.111: require('lazy.core.handler.keys')
121.323  000.186  000.186: require('lazy.core.handler.cmd')
121.679  000.013  000.013: sourcing nvim_exec2() called at /Users/elghaz/dotfiles/nvim/.config/nvim/init.lua:0
121.787  000.014  000.014: sourcing /Users/elghaz/.local/share/nvim/lazy/templ.vim/ftdetect/templ.vim
121.789  000.073  000.059: sourcing nvim_exec2() called at /Users/elghaz/dotfiles/nvim/.config/nvim/init.lua:0
121.794  000.001  000.001: sourcing nvim_exec2() called at /Users/elghaz/dotfiles/nvim/.config/nvim/init.lua:0
122.173  000.159  000.159: sourcing nvim_exec2() called at /opt/homebrew/Cellar/neovim/0.11.5_1/share/nvim/runtime/filetype.lua:0
122.175  000.240  000.082: sourcing /opt/homebrew/Cellar/neovim/0.11.5_1/share/nvim/runtime/filetype.lua
122.177  000.290  000.050: sourcing nvim_exec2() called at /Users/elghaz/dotfiles/nvim/.config/nvim/init.lua:0
122.323  000.001  000.001: sourcing nvim_exec2() called at /Users/elghaz/dotfiles/nvim/.config/nvim/init.lua:0
122.329  000.001  000.001: sourcing nvim_exec2() called at /Users/elghaz/dotfiles/nvim/.config/nvim/init.lua:0
122.841  000.510  000.510: require('catppuccin')
123.208  000.084  000.084: require('catppuccin.lib.hashing')
125.088  001.240  001.240: sourcing /Users/elghaz/.local/share/nvim/lazy/catppuccin/colors/catppuccin.vim
125.262  000.032  000.032: sourcing /Users/elghaz/.local/share/nvim/lazy/nvim-colorizer.lua/plugin/colorizer.vim
125.264  000.070  000.038: sourcing nvim_exec2() called at /Users/elghaz/dotfiles/nvim/.config/nvim/init.lua:0
125.269  000.002  000.002: sourcing nvim_exec2() called at /Users/elghaz/dotfiles/nvim/.config/nvim/init.lua:0
125.275  000.001  000.001: sourcing nvim_exec2() called at /Users/elghaz/dotfiles/nvim/.config/nvim/init.lua:0
125.689  000.089  000.089: require('colorizer/nvim')
125.833  000.144  000.144: require('colorizer/trie')
125.939  000.662  000.430: require('colorizer')
126.568  000.097  000.097: require('vim.health')
126.570  000.216  000.119: require('vim.deprecated.health')
126.732  000.136  000.136: require('vim.iter')
126.799  000.001  000.001: sourcing nvim_exec2() called at /Users/elghaz/dotfiles/nvim/.config/nvim/init.lua:0
126.804  000.001  000.001: sourcing nvim_exec2() called at /Users/elghaz/dotfiles/nvim/.config/nvim/init.lua:0
127.106  000.078  000.078: require('lualine_require')
127.337  000.530  000.452: require('lualine')
127.480  000.008  000.008: sourcing nvim_exec2() called at /Users/elghaz/dotfiles/nvim/.config/nvim/init.lua:0
127.952  000.005  000.005: sourcing nvim_exec2() called at /Users/elghaz/dotfiles/nvim/.config/nvim/init.lua:0
127.960  000.002  000.002: sourcing nvim_exec2() called at /Users/elghaz/dotfiles/nvim/.config/nvim/init.lua:0
127.965  000.001  000.001: sourcing nvim_exec2() called at /Users/elghaz/dotfiles/nvim/.config/nvim/init.lua:0
127.982  000.002  000.002: sourcing nvim_exec2() called at /Users/elghaz/dotfiles/nvim/.config/nvim/init.lua:0
127.989  000.001  000.001: sourcing nvim_exec2() called at /Users/elghaz/dotfiles/nvim/.config/nvim/init.lua:0
127.993  000.001  000.001: sourcing nvim_exec2() called at /Users/elghaz/dotfiles/nvim/.config/nvim/init.lua:0
127.997  000.001  000.001: sourcing nvim_exec2() called at /Users/elghaz/dotfiles/nvim/.config/nvim/init.lua:0
128.000  000.001  000.001: sourcing nvim_exec2() called at /Users/elghaz/dotfiles/nvim/.config/nvim/init.lua:0
128.003  000.001  000.001: sourcing nvim_exec2() called at /Users/elghaz/dotfiles/nvim/.config/nvim/init.lua:0
128.007  000.001  000.001: sourcing nvim_exec2() called at /Users/elghaz/dotfiles/nvim/.config/nvim/init.lua:0
128.017  000.009  000.009: sourcing nvim_exec2() called at /Users/elghaz/dotfiles/nvim/.config/nvim/init.lua:0
129.119  000.011  000.011: sourcing nvim_exec2() called at /Users/elghaz/dotfiles/nvim/.config/nvim/init.lua:0
129.124  000.002  000.002: sourcing nvim_exec2() called at /Users/elghaz/dotfiles/nvim/.config/nvim/init.lua:0
129.127  000.002  000.002: sourcing nvim_exec2() called at /Users/elghaz/dotfiles/nvim/.config/nvim/init.lua:0
129.131  000.001  000.001: sourcing nvim_exec2() called at /Users/elghaz/dotfiles/nvim/.config/nvim/init.lua:0
129.614  000.068  000.068: require('lualine.utils.mode')
129.862  000.007  000.007: sourcing nvim_exec2() called at /Users/elghaz/dotfiles/nvim/.config/nvim/init.lua:0
129.867  000.001  000.001: sourcing nvim_exec2() called at /Users/elghaz/dotfiles/nvim/.config/nvim/init.lua:0
130.246  000.004  000.004: sourcing nvim_exec2() called at /Users/elghaz/dotfiles/nvim/.config/nvim/init.lua:0
130.286  000.004  000.004: sourcing nvim_exec2() called at /Users/elghaz/dotfiles/nvim/.config/nvim/init.lua:0
130.300  000.010  000.010: sourcing nvim_exec2() called at /Users/elghaz/dotfiles/nvim/.config/nvim/init.lua:0
130.330  000.003  000.003: sourcing nvim_exec2() called at /Users/elghaz/dotfiles/nvim/.config/nvim/init.lua:0
130.335  000.003  000.003: sourcing nvim_exec2() called at /Users/elghaz/dotfiles/nvim/.config/nvim/init.lua:0
130.807  000.064  000.064: require('Comment.config')
131.032  000.164  000.164: require('Comment.ft')
131.035  000.227  000.063: require('Comment.utils')
131.105  000.069  000.069: require('Comment.opfunc')
131.174  000.068  000.068: require('Comment.extra')
131.178  000.656  000.227: require('Comment.api')
131.210  000.736  000.080: sourcing /Users/elghaz/.local/share/nvim/lazy/Comment.nvim/plugin/Comment.lua
131.212  000.781  000.045: sourcing nvim_exec2() called at /Users/elghaz/dotfiles/nvim/.config/nvim/init.lua:0
131.217  000.001  000.001: sourcing nvim_exec2() called at /Users/elghaz/dotfiles/nvim/.config/nvim/init.lua:0
131.222  000.001  000.001: sourcing nvim_exec2() called at /Users/elghaz/dotfiles/nvim/.config/nvim/init.lua:0
131.574  000.040  000.040: sourcing /Users/elghaz/.local/share/nvim/lazy/vim-bbye/plugin/bbye.vim
131.576  000.075  000.036: sourcing nvim_exec2() called at /Users/elghaz/dotfiles/nvim/.config/nvim/init.lua:0
131.580  000.001  000.001: sourcing nvim_exec2() called at /Users/elghaz/dotfiles/nvim/.config/nvim/init.lua:0
131.586  000.001  000.001: sourcing nvim_exec2() called at /Users/elghaz/dotfiles/nvim/.config/nvim/init.lua:0
131.795  000.015  000.015: sourcing /Users/elghaz/.local/share/nvim/lazy/nvim-web-devicons/plugin/nvim-web-devicons.vim
131.797  000.048  000.033: sourcing nvim_exec2() called at /Users/elghaz/dotfiles/nvim/.config/nvim/init.lua:0
131.799  000.001  000.001: sourcing nvim_exec2() called at /Users/elghaz/dotfiles/nvim/.config/nvim/init.lua:0
131.804  000.001  000.001: sourcing nvim_exec2() called at /Users/elghaz/dotfiles/nvim/.config/nvim/init.lua:0
131.810  000.001  000.001: sourcing nvim_exec2() called at /Users/elghaz/dotfiles/nvim/.config/nvim/init.lua:0
131.814  000.000  000.000: sourcing nvim_exec2() called at /Users/elghaz/dotfiles/nvim/.config/nvim/init.lua:0
132.478  000.090  000.090: require('bufferline.lazy')
132.601  000.119  000.119: require('bufferline.commands')
132.767  000.164  000.164: require('bufferline.config')
132.774  000.956  000.584: require('bufferline')
133.171  000.176  000.176: require('bufferline.utils')
133.172  000.371  000.195: require('bufferline.groups')
133.294  000.107  000.107: require('bufferline.constants')
133.407  000.108  000.108: require('bufferline.colors')
133.793  000.167  000.167: require('bufferline.highlights')
134.248  000.076  000.076: require('vim.version')
134.854  000.742  000.666: require('bufferline.hover')
134.993  000.102  000.102: require('bufferline.ui')
135.188  000.001  000.001: sourcing nvim_exec2() called at /Users/elghaz/dotfiles/nvim/.config/nvim/init.lua:0
135.192  000.001  000.001: sourcing nvim_exec2() called at /Users/elghaz/dotfiles/nvim/.config/nvim/init.lua:0
135.589  000.051  000.051: require('mason-core.path')
135.753  000.048  000.048: require('mason-core.functional.data')
135.808  000.053  000.053: require('mason-core.functional.function')
135.868  000.058  000.058: require('mason-core.functional.list')
135.922  000.050  000.050: require('mason-core.functional.relation')
135.993  000.069  000.069: require('mason-core.functional.logic')
136.044  000.049  000.049: require('mason-core.functional.number')
136.097  000.051  000.051: require('mason-core.functional.string')
136.149  000.049  000.049: require('mason-core.functional.table')
136.219  000.069  000.069: require('mason-core.functional.type')
136.220  000.572  000.077: require('mason-core.functional')
136.262  000.673  000.101: require('mason-core.platform')
136.338  000.075  000.075: require('mason.settings')
136.340  000.862  000.064: require('mason-core.installer.InstallLocation')
136.510  000.066  000.066: require('mason-core.log')
136.512  000.115  000.049: require('mason-core.EventEmitter')
136.570  000.057  000.057: require('mason-registry.sources')
136.572  000.232  000.060: require('mason-registry')
136.574  001.287  000.193: require('mason')
136.679  000.072  000.072: require('mason.api.command')
136.715  000.001  000.001: sourcing nvim_exec2() called at /Users/elghaz/dotfiles/nvim/.config/nvim/init.lua:0
136.719  000.001  000.001: sourcing nvim_exec2() called at /Users/elghaz/dotfiles/nvim/.config/nvim/init.lua:0
136.921  000.038  000.038: sourcing /Users/elghaz/.local/share/nvim/lazy/mason-tool-installer.nvim/plugin/mason-tool-installer.lua
136.923  000.068  000.031: sourcing nvim_exec2() called at /Users/elghaz/dotfiles/nvim/.config/nvim/init.lua:0
136.926  000.001  000.001: sourcing nvim_exec2() called at /Users/elghaz/dotfiles/nvim/.config/nvim/init.lua:0
136.929  000.001  000.001: sourcing nvim_exec2() called at /Users/elghaz/dotfiles/nvim/.config/nvim/init.lua:0
137.050  000.001  000.001: sourcing nvim_exec2() called at /Users/elghaz/dotfiles/nvim/.config/nvim/init.lua:0
137.053  000.001  000.001: sourcing nvim_exec2() called at /Users/elghaz/dotfiles/nvim/.config/nvim/init.lua:0
137.510  000.058  000.058: require('fidget.spinner.patterns')
137.511  000.105  000.047: require('fidget.spinner')
137.608  000.049  000.049: require('fidget.health')
137.609  000.097  000.048: require('fidget.options')
137.626  000.270  000.069: require('fidget.progress.display')
137.757  000.077  000.077: require('fidget.logger')
138.032  000.064  000.064: require('vim.lsp.log')
138.358  000.325  000.325: require('vim.lsp.protocol')
138.514  000.155  000.155: require('vim.lsp.util')
138.650  000.071  000.071: require('vim.lsp.sync')
138.656  000.141  000.070: require('vim.lsp._changetracking')
138.814  000.084  000.084: require('vim.lsp._transport')
138.825  000.168  000.084: require('vim.lsp.rpc')
138.861  001.103  000.251: require('vim.lsp')
139.096  000.147  000.147: require('vim.lsp.completion')
139.132  000.270  000.122: require('vim.lsp.handlers')
139.147  001.520  000.070: require('fidget.progress.lsp')
139.445  000.071  000.071: require('fidget.poll')
139.448  000.145  000.074: require('fidget.notification.model')
139.540  000.092  000.092: require('fidget.notification.window')
139.644  000.103  000.103: require('fidget.notification.view')
139.667  000.455  000.115: require('fidget.notification')
139.669  000.521  000.066: require('fidget.progress.handle')
139.683  002.378  000.068: require('fidget.progress')
139.781  000.097  000.097: require('fidget.commands')
139.888  000.055  000.055: require('fidget.integration.nvim-tree')
139.944  000.055  000.055: require('fidget.integration.xcodebuild-nvim')
139.958  000.175  000.065: require('fidget.integration')
139.974  002.854  000.203: require('fidget')
140.416  000.001  000.001: sourcing nvim_exec2() called at /Users/elghaz/dotfiles/nvim/.config/nvim/init.lua:0
140.424  000.000  000.000: sourcing nvim_exec2() called at /Users/elghaz/dotfiles/nvim/.config/nvim/init.lua:0
141.216  000.067  000.067: require('luasnip.util.types')
141.259  000.042  000.042: require('luasnip.util.lazy_table')
141.306  000.047  000.047: require('luasnip.extras.filetype_functions')
141.310  000.236  000.080: require('luasnip.default_config')
141.311  000.409  000.173: require('luasnip.session')
141.733  000.422  000.422: require('luasnip.util.vimversion')
141.736  001.005  000.174: require('luasnip.util.util')
141.850  000.060  000.060: require('luasnip.util.path')
141.949  000.046  000.046: require('luasnip.session.snippet_collection.source')
141.993  000.043  000.043: require('luasnip.util.table')
142.038  000.044  000.044: require('luasnip.util.auto_table')
142.041  000.191  000.057: require('luasnip.session.snippet_collection')
142.112  000.070  000.070: require('luasnip.util.log')
142.115  000.378  000.057: require('luasnip.loaders.util')
142.192  000.076  000.076: require('luasnip.loaders.fs_watchers')
142.239  000.046  000.046: require('luasnip.loaders.data')
142.285  000.045  000.045: require('luasnip.session.enqueueable_operations')
142.548  000.045  000.045: require('luasnip.util.ext_opts')
142.591  000.042  000.042: require('luasnip.nodes.key_indexer')
142.655  000.063  000.063: require('luasnip.util.feedkeys')
142.658  000.203  000.052: require('luasnip.nodes.util')
142.724  000.066  000.066: require('luasnip.util.events')
142.729  000.327  000.059: require('luasnip.nodes.node')
142.882  000.065  000.065: require('luasnip.util.extend_decorator')
142.900  000.171  000.105: require('luasnip.nodes.insertNode')
142.974  000.073  000.073: require('luasnip.nodes.textNode')
143.031  000.056  000.056: require('luasnip.util.mark')
143.171  000.045  000.045: require('luasnip.util.select')
143.213  000.041  000.041: require('luasnip.util.time')
143.288  000.211  000.125: require('luasnip.util._builtin_vars')
143.359  000.327  000.116: require('luasnip.util.environ')
143.406  000.047  000.047: require('luasnip.util.pattern_tokenizer')
143.450  000.043  000.043: require('luasnip.util.dict')
143.924  000.006  000.006: require('jsregexp.core')
143.925  000.057  000.051: require('luasnip-jsregexp')
143.933  000.437  000.380: require('luasnip.util.jsregexp')
143.934  000.483  000.046: require('luasnip.nodes.util.trig_engines')
143.978  001.645  000.119: require('luasnip.nodes.snippet')
144.127  000.050  000.050: require('luasnip.util.parser.neovim_ast')
144.184  000.056  000.056: require('luasnip.util.str')
144.233  000.048  000.048: require('luasnip.util.directed_graph')
144.235  000.206  000.053: require('luasnip.util.parser.ast_utils')
144.287  000.052  000.052: require('luasnip.nodes.functionNode')
144.346  000.058  000.058: require('luasnip.nodes.choiceNode')
144.401  000.055  000.055: require('luasnip.nodes.dynamicNode')
144.447  000.045  000.045: require('luasnip.util.functions')
144.450  000.471  000.056: require('luasnip.util.parser.ast_parser')
144.558  000.108  000.108: require('luasnip.util.parser.neovim_parser')
144.561  002.275  000.051: require('luasnip.util.parser')
144.608  000.046  000.046: require('luasnip.nodes.snippetProxy')
144.693  000.083  000.083: require('luasnip.util.jsonc')
144.783  000.045  000.045: require('luasnip.nodes.duplicate')
144.784  000.090  000.044: require('luasnip.loaders.snippet_cache')
144.787  004.361  000.317: require('luasnip.loaders.from_vscode')
147.019  000.051  000.051: require('luasnip.nodes.multiSnippet')
148.452  000.662  000.662: require('vim.filetype')
148.565  000.061  000.061: require('luasnip.config')
148.749  000.099  000.099: require('luasnip.loaders')
148.761  000.193  000.094: require('luasnip')
148.770  001.012  000.095: sourcing /Users/elghaz/.local/share/nvim/lazy/LuaSnip/plugin/luasnip.lua
148.772  001.038  000.027: sourcing nvim_exec2() called at /Users/elghaz/dotfiles/nvim/.config/nvim/init.lua:0
148.826  000.027  000.027: sourcing /Users/elghaz/.local/share/nvim/lazy/LuaSnip/plugin/luasnip.vim
148.828  000.052  000.025: sourcing nvim_exec2() called at /Users/elghaz/dotfiles/nvim/.config/nvim/init.lua:0
148.830  000.001  000.001: sourcing nvim_exec2() called at /Users/elghaz/dotfiles/nvim/.config/nvim/init.lua:0
148.835  000.001  000.001: sourcing nvim_exec2() called at /Users/elghaz/dotfiles/nvim/.config/nvim/init.lua:0
148.883  000.001  000.001: sourcing nvim_exec2() called at /Users/elghaz/dotfiles/nvim/.config/nvim/init.lua:0
148.887  000.001  000.001: sourcing nvim_exec2() called at /Users/elghaz/dotfiles/nvim/.config/nvim/init.lua:0
149.087  000.123  000.123: require('blink.cmp')
149.255  000.072  000.072: require('blink.cmp.lib.async')
149.364  000.052  000.052: require('blink.cmp.config.utils')
149.414  000.049  000.049: require('blink.cmp.config.keymap')
149.512  000.047  000.047: require('blink.cmp.config.completion.keyword')
149.565  000.053  000.053: require('blink.cmp.config.completion.trigger')
149.616  000.050  000.050: require('blink.cmp.config.completion.list')
149.670  000.053  000.053: require('blink.cmp.config.completion.accept')
149.738  000.067  000.067: require('blink.cmp.config.completion.menu')
149.795  000.056  000.056: require('blink.cmp.config.completion.documentation')
149.868  000.073  000.073: require('blink.cmp.config.completion.ghost_text')
149.869  000.455  000.055: require('blink.cmp.config.completion')
149.925  000.056  000.056: require('blink.cmp.config.fuzzy')
149.985  000.059  000.059: require('blink.cmp.config.sources')
150.045  000.059  000.059: require('blink.cmp.config.signature')
150.113  000.067  000.067: require('blink.cmp.config.snippets')
150.167  000.053  000.053: require('blink.cmp.config.appearance')
150.217  000.049  000.049: require('blink.cmp.config.modes.cmdline')
150.264  000.047  000.047: require('blink.cmp.config.modes.term')
150.266  001.010  000.063: require('blink.cmp.config')
150.327  000.061  000.061: require('blink.cmp.lib.utils')
150.376  000.048  000.048: require('blink.cmp.lib.event_emitter')
150.381  001.292  000.102: require('blink.cmp.sources.lib')
150.399  001.468  000.053: sourcing /Users/elghaz/.local/share/nvim/lazy/blink.cmp/plugin/blink-cmp.lua
150.401  001.493  000.025: sourcing nvim_exec2() called at /Users/elghaz/dotfiles/nvim/.config/nvim/init.lua:0
150.403  000.001  000.001: sourcing nvim_exec2() called at /Users/elghaz/dotfiles/nvim/.config/nvim/init.lua:0
150.408  000.001  000.001: sourcing nvim_exec2() called at /Users/elghaz/dotfiles/nvim/.config/nvim/init.lua:0
150.475  000.048  000.048: require('blink-cmp')
151.317  000.078  000.078: require('blink.cmp.config.modes.types')
151.993  000.149  000.149: require('blink.cmp.fuzzy.download.system')
152.063  000.325  000.176: require('blink.cmp.fuzzy.download.files')
152.068  000.474  000.149: require('blink.cmp.fuzzy.download.git')
152.069  000.619  000.145: require('blink.cmp.fuzzy.download')
152.265  000.158  000.158: require('vim._system')
198.799  000.208  000.208: require('lspconfig.util')
198.813  000.375  000.168: sourcing /Users/elghaz/.local/share/nvim/lazy/nvim-lspconfig/plugin/lspconfig.lua
198.816  000.421  000.045: sourcing nvim_exec2() called at /Users/elghaz/dotfiles/nvim/.config/nvim/init.lua:0
198.822  000.002  000.002: sourcing nvim_exec2() called at /Users/elghaz/dotfiles/nvim/.config/nvim/init.lua:0
198.830  000.001  000.001: sourcing nvim_exec2() called at /Users/elghaz/dotfiles/nvim/.config/nvim/init.lua:0
199.124  000.055  000.055: require('mason.version')
199.130  000.137  000.082: require('mason-tool-installer')
199.302  000.052  000.052: require('mason-lspconfig.settings')
199.303  000.115  000.063: require('mason-lspconfig')
199.586  000.001  000.001: sourcing nvim_exec2() called at /Users/elghaz/dotfiles/nvim/.config/nvim/init.lua:0
199.590  000.001  000.001: sourcing nvim_exec2() called at /Users/elghaz/dotfiles/nvim/.config/nvim/init.lua:0
199.678  000.056  000.056: require('mason-core.optional')
199.692  000.388  000.330: require('mason-null-ls.mappings.source')
200.850  000.049  000.049: require('vim.treesitter.language')
200.895  000.044  000.044: require('vim.func')
200.949  000.051  000.051: require('vim.func._memoize')
200.960  000.225  000.081: require('vim.treesitter.query')
201.011  000.050  000.050: require('vim.treesitter._range')
201.019  000.360  000.085: require('vim.treesitter.languagetree')
201.022  000.429  000.068: require('vim.treesitter')
201.122  000.572  000.143: sourcing /Users/elghaz/.local/share/nvim/lazy/nvim-treesitter/plugin/filetypes.lua
201.124  000.602  000.030: sourcing nvim_exec2() called at /Users/elghaz/dotfiles/nvim/.config/nvim/init.lua:0
201.192  000.039  000.039: sourcing /Users/elghaz/.local/share/nvim/lazy/nvim-treesitter/plugin/nvim-treesitter.lua
201.194  000.067  000.027: sourcing nvim_exec2() called at /Users/elghaz/dotfiles/nvim/.config/nvim/init.lua:0
201.247  000.026  000.026: sourcing /Users/elghaz/.local/share/nvim/lazy/nvim-treesitter/plugin/query_predicates.lua
201.249  000.052  000.027: sourcing nvim_exec2() called at /Users/elghaz/dotfiles/nvim/.config/nvim/init.lua:0
201.251  000.001  000.001: sourcing nvim_exec2() called at /Users/elghaz/dotfiles/nvim/.config/nvim/init.lua:0
201.255  000.001  000.001: sourcing nvim_exec2() called at /Users/elghaz/dotfiles/nvim/.config/nvim/init.lua:0
201.449  000.186  000.186: require('nvim-treesitter.config')
201.559  000.049  000.049: sourcing /Users/elghaz/.local/share/nvim/lazy/vim-rhubarb/plugin/rhubarb.vim
201.561  000.074  000.026: sourcing nvim_exec2() called at /Users/elghaz/dotfiles/nvim/.config/nvim/init.lua:0
201.563  000.001  000.001: sourcing nvim_exec2() called at /Users/elghaz/dotfiles/nvim/.config/nvim/init.lua:0
201.590  000.001  000.001: sourcing nvim_exec2() called at /Users/elghaz/dotfiles/nvim/.config/nvim/init.lua:0
201.929  000.166  000.166: sourcing /Users/elghaz/.local/share/nvim/lazy/vim-sleuth/plugin/sleuth.vim
201.930  000.192  000.026: sourcing nvim_exec2() called at /Users/elghaz/dotfiles/nvim/.config/nvim/init.lua:0
201.933  000.001  000.001: sourcing nvim_exec2() called at /Users/elghaz/dotfiles/nvim/.config/nvim/init.lua:0
201.937  000.000  000.000: sourcing nvim_exec2() called at /Users/elghaz/dotfiles/nvim/.config/nvim/init.lua:0
202.070  000.001  000.001: sourcing nvim_exec2() called at /Users/elghaz/dotfiles/nvim/.config/nvim/init.lua:0
202.074  000.000  000.000: sourcing nvim_exec2() called at /Users/elghaz/dotfiles/nvim/.config/nvim/init.lua:0
202.447  000.084  000.084: require('ibl.utils')
202.450  000.140  000.056: require('ibl.config')
202.541  000.042  000.042: require('ibl.indent')
202.543  000.093  000.051: require('ibl.hooks')
202.544  000.281  000.048: require('ibl.highlights')
202.588  000.043  000.043: require('ibl.autocmds')
202.636  000.047  000.047: require('ibl.inlay_hints')
202.679  000.043  000.043: require('ibl.virt_text')
202.809  000.088  000.088: require('ibl.scope_languages')
202.810  000.131  000.042: require('ibl.scope')
202.813  000.735  000.191: require('ibl')
203.416  000.412  000.412: sourcing /Users/elghaz/.local/share/nvim/lazy/vim-fugitive/plugin/fugitive.vim
203.417  000.437  000.026: sourcing nvim_exec2() called at /Users/elghaz/dotfiles/nvim/.config/nvim/init.lua:0
203.420  000.001  000.001: sourcing nvim_exec2() called at /Users/elghaz/dotfiles/nvim/.config/nvim/init.lua:0
203.474  000.004  000.004: sourcing /Users/elghaz/.local/share/nvim/lazy/vim-fugitive/ftdetect/fugitive.vim
203.476  000.031  000.027: sourcing nvim_exec2() called at /Users/elghaz/dotfiles/nvim/.config/nvim/init.lua:0
203.477  000.001  000.001: sourcing nvim_exec2() called at /Users/elghaz/dotfiles/nvim/.config/nvim/init.lua:0
203.613  000.001  000.001: sourcing nvim_exec2() called at /Users/elghaz/dotfiles/nvim/.config/nvim/init.lua:0
203.616  000.000  000.000: sourcing nvim_exec2() called at /Users/elghaz/dotfiles/nvim/.config/nvim/init.lua:0
203.874  000.256  000.256: require('mini.ai')
204.089  000.112  000.112: require('mini.surround')
205.511  000.082  000.082: require('mini.statusline')
205.652  000.035  000.035: sourcing /Users/elghaz/.local/share/nvim/lazy/vim-tmux-navigator/plugin/tmux_navigator.vim
205.654  000.073  000.038: sourcing nvim_exec2() called at /Users/elghaz/dotfiles/nvim/.config/nvim/init.lua:0
205.657  000.001  000.001: sourcing nvim_exec2() called at /Users/elghaz/dotfiles/nvim/.config/nvim/init.lua:0
205.663  000.001  000.001: sourcing nvim_exec2() called at /Users/elghaz/dotfiles/nvim/.config/nvim/init.lua:0
206.107  000.206  000.206: require('gitsigns')
228.493  000.241  000.241: require('gitsigns.highlight')
228.568  000.067  000.067: require('gitsigns.debug.log')
228.651  000.082  000.082: require('gitsigns.config')
228.872  000.049  000.049: require('gitsigns.debounce')
228.877  022.999  022.354: sourcing /Users/elghaz/.local/share/nvim/lazy/gitsigns.nvim/plugin/gitsigns.lua
228.881  023.030  000.031: sourcing nvim_exec2() called at /Users/elghaz/dotfiles/nvim/.config/nvim/init.lua:0
228.887  000.002  000.002: sourcing nvim_exec2() called at /Users/elghaz/dotfiles/nvim/.config/nvim/init.lua:0
228.893  000.001  000.001: sourcing nvim_exec2() called at /Users/elghaz/dotfiles/nvim/.config/nvim/init.lua:0
250.654  000.004  000.004: sourcing nvim_exec2() called at /Users/elghaz/dotfiles/nvim/.config/nvim/init.lua:0
250.660  000.001  000.001: sourcing nvim_exec2() called at /Users/elghaz/dotfiles/nvim/.config/nvim/init.lua:0
250.666  000.001  000.001: sourcing nvim_exec2() called at /Users/elghaz/dotfiles/nvim/.config/nvim/init.lua:0
250.669  000.000  000.000: sourcing nvim_exec2() called at /Users/elghaz/dotfiles/nvim/.config/nvim/init.lua:0
251.144  000.052  000.052: require('null-ls.utils.tbl_flatten')
251.155  000.142  000.090: require('null-ls.utils')
251.198  000.255  000.113: require('null-ls.config')
251.305  000.051  000.051: require('null-ls.helpers.cache')
251.357  000.051  000.051: require('null-ls.helpers.check_exit_code')
251.416  000.058  000.058: require('null-ls.helpers.diagnostics')
251.467  000.050  000.050: require('null-ls.helpers.formatter_factory')
251.591  000.056  000.056: require('null-ls.logger')
251.645  000.053  000.053: require('null-ls.state')
251.646  000.179  000.069: require('null-ls.helpers.generator_factory')
251.748  000.050  000.050: require('null-ls.helpers.command_resolver')
251.749  000.102  000.052: require('null-ls.helpers.make_builtin')
251.799  000.049  000.049: require('null-ls.helpers.range_formatting_args_factory')
251.800  000.601  000.061: require('null-ls.helpers')
252.002  000.091  000.091: require('null-ls.methods')
252.004  000.146  000.055: require('null-ls.diagnostics')
252.007  000.207  000.060: require('null-ls.sources')
252.063  000.054  000.054: require('null-ls.builtins')
252.064  001.392  000.275: require('null-ls')
252.166  000.046  000.046: require('mason-null-ls.automatic_setup')
252.167  000.102  000.056: require('mason-null-ls')
252.214  000.045  000.045: require('mason-null-ls.settings')
252.273  000.048  000.048: require('mason-null-ls.ensure_installed')
252.332  000.056  000.056: require('mason-core.async')
252.459  000.077  000.077: require('mason-core.async.control')
252.523  000.063  000.063: require('mason-core.result')
252.643  000.056  000.056: require('mason-core.async.uv')
252.649  000.125  000.069: require('mason-core.fs')
252.661  000.329  000.064: require('mason-registry.installer')
252.999  000.094  000.094: require('mason-core.process')
253.069  000.069  000.069: require('mason-core.spawn')
253.071  000.228  000.065: require('mason-core.installer.managers.powershell')
253.073  000.300  000.072: require('mason-core.fetch')
253.131  000.057  000.057: require('mason-core.providers')
253.849  000.540  000.540: require('mason-core.purl')
253.855  000.614  000.074: require('mason-core.package.AbstractPackage')
254.151  000.081  000.081: require('mason-core.installer.compiler.expr')
254.157  000.164  000.083: require('mason-core.installer.compiler.link')
254.470  000.063  000.063: require('mason-core.installer.context.InstallContextCwd')
254.529  000.058  000.058: require('mason-core.installer.context.InstallContextFs')
254.580  000.051  000.051: require('mason-core.installer.context.InstallContextSpawn')
254.648  000.066  000.066: require('mason-core.receipt')
254.658  000.315  000.077: require('mason-core.installer.context')
254.659  000.379  000.064: require('mason-core.installer')
254.670  000.460  000.081: require('mason-core.installer.managers.std')
254.671  000.514  000.054: require('mason-core.installer.compiler.schemas')
254.727  000.055  000.055: require('mason-core.installer.compiler.util')
254.737  000.820  000.087: require('mason-core.installer.compiler')
254.801  000.062  000.062: require('mason-core.installer.linker')
254.803  000.948  000.066: require('mason-core.installer.InstallRunner')
254.859  000.055  000.055: require('mason-core.installer.UninstallRunner')
254.864  001.683  000.066: require('mason-core.package')
254.865  001.734  000.051: require('mason-registry.sources.util')
254.872  002.165  000.074: require('mason-registry.sources.github')
257.174  000.064  000.064: require('mason-null-ls.automatic_installation')
257.294  000.055  000.055: require('mason-core.notify')
257.310  000.131  000.076: require('mason-null-ls.api.command')
257.416  000.105  000.105: require('null-ls.builtins.diagnostics.checkmake')
257.509  000.091  000.091: require('null-ls.builtins.formatting.prettier')
257.574  000.058  000.058: require('null-ls.builtins.formatting.stylua')
257.631  000.055  000.055: require('null-ls.builtins.formatting.shfmt')
257.691  000.053  000.053: require('null-ls.builtins.formatting.gofmt')
258.182  000.076  000.076: require('null-ls.loop')
258.189  000.150  000.074: require('null-ls.client')
258.332  000.036  000.036: sourcing /opt/homebrew/Cellar/neovim/0.11.5_1/share/nvim/runtime/plugin/editorconfig.lua
258.358  000.101  000.065: sourcing nvim_exec2() called at /Users/elghaz/dotfiles/nvim/.config/nvim/init.lua:0
258.463  000.072  000.072: sourcing /opt/homebrew/Cellar/neovim/0.11.5_1/share/nvim/runtime/plugin/gzip.vim
258.465  000.103  000.031: sourcing nvim_exec2() called at /Users/elghaz/dotfiles/nvim/.config/nvim/init.lua:0
258.532  000.038  000.038: sourcing /opt/homebrew/Cellar/neovim/0.11.5_1/share/nvim/runtime/plugin/man.lua
258.533  000.066  000.028: sourcing nvim_exec2() called at /Users/elghaz/dotfiles/nvim/.config/nvim/init.lua:0
280.634  000.102  000.102: sourcing /opt/homebrew/Cellar/neovim/0.11.5_1/share/nvim/runtime/pack/dist/opt/matchit/plugin/matchit.vim
280.645  022.083  021.981: sourcing /opt/homebrew/Cellar/neovim/0.11.5_1/share/nvim/runtime/plugin/matchit.vim
280.647  022.112  000.029: sourcing nvim_exec2() called at /Users/elghaz/dotfiles/nvim/.config/nvim/init.lua:0
280.762  000.075  000.075: sourcing /opt/homebrew/Cellar/neovim/0.11.5_1/share/nvim/runtime/plugin/matchparen.vim
280.764  000.107  000.032: sourcing nvim_exec2() called at /Users/elghaz/dotfiles/nvim/.config/nvim/init.lua:0
281.303  000.112  000.112: sourcing /opt/homebrew/Cellar/neovim/0.11.5_1/share/nvim/runtime/pack/dist/opt/netrw/plugin/netrwPlugin.vim
281.310  000.511  000.400: sourcing /opt/homebrew/Cellar/neovim/0.11.5_1/share/nvim/runtime/plugin/netrwPlugin.vim
281.312  000.545  000.033: sourcing nvim_exec2() called at /Users/elghaz/dotfiles/nvim/.config/nvim/init.lua:0
281.419  000.068  000.068: sourcing /opt/homebrew/Cellar/neovim/0.11.5_1/share/nvim/runtime/plugin/osc52.lua
281.420  000.105  000.037: sourcing nvim_exec2() called at /Users/elghaz/dotfiles/nvim/.config/nvim/init.lua:0
281.528  000.074  000.074: sourcing /opt/homebrew/Cellar/neovim/0.11.5_1/share/nvim/runtime/plugin/rplugin.vim
281.529  000.107  000.033: sourcing nvim_exec2() called at /Users/elghaz/dotfiles/nvim/.config/nvim/init.lua:0
281.589  000.024  000.024: sourcing /opt/homebrew/Cellar/neovim/0.11.5_1/share/nvim/runtime/plugin/shada.vim
281.590  000.058  000.034: sourcing nvim_exec2() called at /Users/elghaz/dotfiles/nvim/.config/nvim/init.lua:0
281.634  000.008  000.008: sourcing /opt/homebrew/Cellar/neovim/0.11.5_1/share/nvim/runtime/plugin/spellfile.vim
281.635  000.042  000.035: sourcing nvim_exec2() called at /Users/elghaz/dotfiles/nvim/.config/nvim/init.lua:0
281.707  000.035  000.035: sourcing /opt/homebrew/Cellar/neovim/0.11.5_1/share/nvim/runtime/plugin/tarPlugin.vim
281.708  000.071  000.035: sourcing nvim_exec2() called at /Users/elghaz/dotfiles/nvim/.config/nvim/init.lua:0
281.778  000.035  000.035: sourcing /opt/homebrew/Cellar/neovim/0.11.5_1/share/nvim/runtime/plugin/tohtml.lua
281.780  000.069  000.034: sourcing nvim_exec2() called at /Users/elghaz/dotfiles/nvim/.config/nvim/init.lua:0
281.824  000.009  000.009: sourcing /opt/homebrew/Cellar/neovim/0.11.5_1/share/nvim/runtime/plugin/tutor.vim
281.825  000.044  000.035: sourcing nvim_exec2() called at /Users/elghaz/dotfiles/nvim/.config/nvim/init.lua:0
281.934  000.047  000.047: sourcing /opt/homebrew/Cellar/neovim/0.11.5_1/share/nvim/runtime/plugin/zipPlugin.vim
281.936  000.082  000.035: sourcing nvim_exec2() called at /Users/elghaz/dotfiles/nvim/.config/nvim/init.lua:0
282.110  000.043  000.043: sourcing /Users/elghaz/.local/share/nvim/lazy/indent-blankline.nvim/after/plugin/commands.lua
282.111  000.079  000.036: sourcing nvim_exec2() called at /Users/elghaz/dotfiles/nvim/.config/nvim/init.lua:0
282.141  232.293  118.579: sourcing /Users/elghaz/.config/nvim/init.lua
282.149  000.680: sourcing vimrc file(s)
282.468  000.029  000.029: sourcing /opt/homebrew/Cellar/neovim/0.11.5_1/share/nvim/runtime/filetype.lua
282.682  000.042  000.042: sourcing /opt/homebrew/Cellar/neovim/0.11.5_1/share/nvim/runtime/syntax/synload.vim
282.720  000.182  000.141: sourcing /opt/homebrew/Cellar/neovim/0.11.5_1/share/nvim/runtime/syntax/syntax.vim
282.726  000.366: inits 3
283.305  000.579: reading ShaDa
283.484  000.146  000.146: require('luasnip.loaders.from_lua')
283.608  000.122  000.122: require('luasnip.loaders.from_snipmate')
283.725  000.152: opening buffers
283.835  000.066  000.066: require('bufferline.state')
283.848  000.056: BufEnter autocommands
283.849  000.001: editing files in windows
284.160  000.015  000.015: sourcing /Users/elghaz/.local/share/nvim/lazy/plenary.nvim/plugin/plenary.vim
284.161  000.050  000.035: sourcing nvim_exec2() called at VimEnter Autocommands for "*":0
284.174  000.001  000.001: sourcing nvim_exec2() called at VimEnter Autocommands for "*":0
284.180  000.001  000.001: sourcing nvim_exec2() called at VimEnter Autocommands for "*":0
284.387  000.001  000.001: sourcing nvim_exec2() called at VimEnter Autocommands for "*":0
284.392  000.000  000.000: sourcing nvim_exec2() called at VimEnter Autocommands for "*":0
284.589  000.001  000.001: sourcing nvim_exec2() called at VimEnter Autocommands for "*":0
284.595  000.000  000.000: sourcing nvim_exec2() called at VimEnter Autocommands for "*":0
284.955  000.301  000.301: sourcing /Users/elghaz/.local/share/nvim/lazy/telescope.nvim/plugin/telescope.lua
284.957  000.334  000.032: sourcing nvim_exec2() called at VimEnter Autocommands for "*":0
284.959  000.001  000.001: sourcing nvim_exec2() called at VimEnter Autocommands for "*":0
284.968  000.000  000.000: sourcing nvim_exec2() called at VimEnter Autocommands for "*":0
285.388  000.119  000.119: require('telescope._extensions')
285.396  000.417  000.298: require('telescope')
287.047  000.201  000.201: require('plenary.bit')
287.091  000.044  000.044: require('plenary.functional')
287.108  000.667  000.422: require('plenary.path')
287.115  001.170  000.504: require('plenary.strings')
287.286  000.065  000.065: require('plenary.log')
287.315  000.140  000.075: require('telescope.log')
287.476  000.043  000.043: require('plenary.compat')
287.479  000.101  000.058: require('plenary.job')
287.529  000.048  000.048: require('telescope.state')
287.540  000.225  000.076: require('telescope.utils')
287.543  000.427  000.062: require('telescope.sorters')
288.543  002.942  001.345: require('telescope.config')
288.677  000.050  000.050: require('plenary.window.border')
288.721  000.043  000.043: require('plenary.window')
288.762  000.040  000.040: require('plenary.popup.utils')
288.764  000.220  000.086: require('plenary.popup')
288.817  000.053  000.053: require('telescope.pickers.scroller')
288.865  000.047  000.047: require('telescope.actions.state')
288.914  000.049  000.049: require('telescope.actions.utils')
289.034  000.064  000.064: require('telescope.actions.mt')
289.042  000.126  000.062: require('telescope.actions.set')
289.155  000.055  000.055: require('telescope.config.resolve')
289.156  000.113  000.059: require('telescope.pickers.entry_display')
289.203  000.046  000.046: require('telescope.from_entry')
289.288  003.891  000.294: require('telescope.actions')
289.341  000.051  000.051: require('telescope.themes')
290.105  000.313  000.313: require('fzf_lib')
290.106  000.375  000.062: require('telescope._extensions.fzf')
290.173  000.054  000.054: require('telescope._extensions.ui-select')
290.470  000.039  000.039: require('plenary.tbl')
290.471  000.081  000.041: require('plenary.vararg.rotate')
290.472  000.122  000.041: require('plenary.vararg')
290.514  000.042  000.042: require('plenary.errors')
290.516  000.208  000.045: require('plenary.async.async')
290.689  000.042  000.042: require('plenary.async.structs')
290.691  000.092  000.049: require('plenary.async.control')
290.699  000.142  000.050: require('plenary.async.util')
290.700  000.183  000.042: require('plenary.async.tests')
290.701  000.438  000.046: require('plenary.async')
290.753  000.051  000.051: require('telescope.debounce')
290.818  000.064  000.064: require('telescope.mappings')
290.868  000.049  000.049: require('telescope.pickers.highlights')
290.916  000.046  000.046: require('telescope.pickers.window')
290.963  000.046  000.046: require('telescope.pickers.layout')
291.060  000.048  000.048: require('telescope.algos.linked_list')
291.062  000.098  000.050: require('telescope.entry_manager')
291.133  000.046  000.046: require('telescope.pickers.multi')
291.140  000.965  000.126: require('telescope.pickers')
291.280  000.088  000.088: require('telescope.make_entry')
291.328  000.046  000.046: require('telescope.finders.async_static_finder')
291.473  000.040  000.040: require('plenary.class')
291.501  000.119  000.079: require('telescope._')
291.502  000.173  000.054: require('telescope.finders.async_oneshot_finder')
291.549  000.047  000.047: require('telescope.finders.async_job_finder')
291.551  000.411  000.055: require('telescope.finders')
291.601  000.045  000.045: require('vim.ui')
291.721  000.116  000.116: require('telescope.builtin')
291.848  000.014  000.014: sourcing /Users/elghaz/.local/share/nvim/lazy/todo-comments.nvim/plugin/todo.vim
291.850  000.060  000.045: sourcing nvim_exec2() called at VimEnter Autocommands for "*":0
291.852  000.001  000.001: sourcing nvim_exec2() called at VimEnter Autocommands for "*":0
291.856  000.001  000.001: sourcing nvim_exec2() called at VimEnter Autocommands for "*":0
292.214  000.041  000.041: require('todo-comments.util')
292.217  000.096  000.055: require('todo-comments.config')
292.307  000.049  000.049: require('todo-comments.highlight')
292.308  000.090  000.041: require('todo-comments.jump')
292.309  000.414  000.228: require('todo-comments')
292.345  000.005  000.005: sourcing nvim_exec2() called at VimEnter Autocommands for "*":0
292.348  000.001  000.001: sourcing nvim_exec2() called at VimEnter Autocommands for "*":0
292.349  000.001  000.001: sourcing nvim_exec2() called at VimEnter Autocommands for "*":0
292.354  000.002  000.002: sourcing nvim_exec2() called at VimEnter Autocommands for "*":0
292.356  000.001  000.001: sourcing nvim_exec2() called at VimEnter Autocommands for "*":0
292.358  000.001  000.001: sourcing nvim_exec2() called at VimEnter Autocommands for "*":0
292.362  000.001  000.001: sourcing nvim_exec2() called at VimEnter Autocommands for "*":0
292.364  000.001  000.001: sourcing nvim_exec2() called at VimEnter Autocommands for "*":0
292.366  000.001  000.001: sourcing nvim_exec2() called at VimEnter Autocommands for "*":0
292.370  000.001  000.001: sourcing nvim_exec2() called at VimEnter Autocommands for "*":0
292.372  000.001  000.001: sourcing nvim_exec2() called at VimEnter Autocommands for "*":0
292.373  000.001  000.001: sourcing nvim_exec2() called at VimEnter Autocommands for "*":0
292.377  000.001  000.001: sourcing nvim_exec2() called at VimEnter Autocommands for "*":0
292.379  000.001  000.001: sourcing nvim_exec2() called at VimEnter Autocommands for "*":0
292.380  000.001  000.001: sourcing nvim_exec2() called at VimEnter Autocommands for "*":0
292.384  000.001  000.001: sourcing nvim_exec2() called at VimEnter Autocommands for "*":0
292.385  000.001  000.001: sourcing nvim_exec2() called at VimEnter Autocommands for "*":0
292.387  000.001  000.001: sourcing nvim_exec2() called at VimEnter Autocommands for "*":0
292.396  000.001  000.001: sourcing nvim_exec2() called at VimEnter Autocommands for "*":0
292.398  000.001  000.001: sourcing nvim_exec2() called at VimEnter Autocommands for "*":0
292.400  000.001  000.001: sourcing nvim_exec2() called at VimEnter Autocommands for "*":0
292.497  000.057  000.057: require('vim.treesitter.highlighter')
292.588  000.023  000.023: sourcing /Users/elghaz/.local/share/nvim/lazy/which-key.nvim/plugin/which-key.lua
292.589  000.054  000.031: sourcing nvim_exec2() called at VimEnter Autocommands for "*":0
292.591  000.001  000.001: sourcing nvim_exec2() called at VimEnter Autocommands for "*":0
292.595  000.000  000.000: sourcing nvim_exec2() called at VimEnter Autocommands for "*":0
292.836  000.208  000.208: require('which-key')
292.893  000.057  000.057: require('which-key.config')
292.986  001.547: VimEnter autocommands
293.048  000.043  000.043: require('vim.termcap')
293.059  000.007  000.007: require('vim.text')
293.075  000.039: UIEnter autocommands
293.298  000.111  000.111: sourcing /opt/homebrew/Cellar/neovim/0.11.5_1/share/nvim/runtime/autoload/provider/clipboard.vim
293.301  000.114: before starting main loop
293.496  000.042  000.042: require('bufferline.pick')
293.537  000.041  000.041: require('bufferline.duplicates')
293.590  000.003  000.003: sourcing nvim_exec2()
293.591  000.053  000.050: require('bufferline.diagnostics')
293.642  000.050  000.050: require('bufferline.models')
293.643  000.260  000.074: require('bufferline.buffers')
293.768  000.060  000.060: require('nvim-web-devicons.filetypes')
293.911  000.099  000.099: require('nvim-web-devicons.default.icons_by_filename')
294.075  000.163  000.163: require('nvim-web-devicons.default.icons_by_file_extension')
294.156  000.080  000.080: require('nvim-web-devicons.default.icons_by_operating_system')
294.200  000.043  000.043: require('nvim-web-devicons.default.icons_by_desktop_environment')
294.245  000.045  000.045: require('nvim-web-devicons.default.icons_by_window_manager')
294.246  000.474  000.043: require('nvim-web-devicons.icons-default')
294.331  000.676  000.142: require('nvim-web-devicons')
295.495  000.050  000.050: require('bufferline.numbers')
295.584  000.044  000.044: require('bufferline.sorters')
295.647  000.045  000.045: require('bufferline.tabpages')
295.700  000.043  000.043: require('bufferline.offset')
295.745  000.042  000.042: require('bufferline.custom_area')
296.035  001.574: first screen update
296.036  000.001: --- NVIM STARTED ---

