[Tuesday/April 01/04/2025 06:07:37] /home/elghaz/Videos/anime/apoteker/Kusuriya no Hitorigoto Season 2 Episode 2.mp4 | length=1442.133 | time=1371.2865833333
[Tuesday/April 01/04/2025 06:46:26] /home/elghaz/Videos/anime/apoteker/Kusuriya no Hitorigoto Season 2 Episode 3.mp4 | length=1442.09 | time=1365.8227916667
[Tuesday/April 01/04/2025 07:10:42] /home/elghaz/Videos/anime/apoteker/Kusuriya no Hitorigoto Season 2 Episode 4.mp4 | length=1442.048 | time=1102.85175
[Tuesday/April 01/04/2025 07:10:47] /home/elghaz/Videos/anime/apoteker/Kusuriya no Hitorigoto Season 2 Episode 4.mp4 | length=1442.048 | time=1104.103
[Tuesday/April 01/04/2025 07:33:26] /home/elghaz/Kusuriya_no_Hitorigoto_Season_2_Episode_3.00:06:54.331-00:19:14.320.mp4 | length=739.98925 | time=7.5492083333333
[Tuesday/April 01/04/2025 08:47:21] /home/elghaz/2025-04-01 08-46-05.mkv | length=51.567 | time=17.25
[Tuesday/April 01/04/2025 08:56:50] /home/elghaz/2025-04-01 08-46-05.mkv | length=51.567 | time=51.55
[Tuesday/April 01/04/2025 09:18:30] /home/elghaz/Kusuriya_no_Hitorigoto_Season_2_Episode_3.00:06:53.288-00:06:54.331.mp4 | length=1.043 | time=1.001
[Tuesday/April 01/04/2025 09:18:31] /home/elghaz/Kusuriya_no_Hitorigoto_Season_2_Episode_3.00:06:54.331-00:19:14.320.mp4 | length=739.98925 | time=8.75875
[Tuesday/April 01/04/2025 09:18:48] /home/elghaz/2025-04-01 09-15-11.mkv | length=17.9 | time=17.883
[Tuesday/April 01/04/2025 16:11:53] /home/elghaz/Videos/anime/apoteker/Kusuriya no Hitorigoto Season 2 Episode 4<.mp4 | length=1442.048 | time=1349.5565416667
[Tuesday/April 01/04/2025 16:46:32] /home/elghaz/Videos/anime/apoteker/Kusuriya no Hitorigoto Season 2 Episode 5.mp4 | length=1442.048 | time=1351.725375
[Sunday/April 06/04/2025 06:31:37] /home/elghaz/Videos/obs/2025-04-06_06-31-01.mkv | length=18.917 | time=11.417
[Sunday/April 06/04/2025 06:32:31] /home/elghaz/Videos/obs/2025-04-06_06-31-01.mkv | length=18.917 | time=17.167
[Sunday/April 06/04/2025 06:32:43] /home/elghaz/Videos/obs/2025-04-06_06-32-13.mkv | length=9.217 | time=8.8
[Sunday/April 06/04/2025 06:34:20] /home/elghaz/Videos/obs/2025-04-06_06-33-45.mkv | length=15.467 | time=15.45
[Sunday/April 06/04/2025 06:34:42] /home/elghaz/Videos/obs/2025-04-06_06-34-23.mkv | length=8.217 | time=8.2
[Sunday/April 06/04/2025 06:35:13] /home/elghaz/Videos/obs/2025-04-06_06-34-57.mkv | length=6 | time=5.983
[Sunday/April 06/04/2025 06:40:20] /home/elghaz/Videos/obs/2025-04-06_06-39-41.mkv | length=17.717 | time=17.2
[Sunday/April 06/04/2025 06:40:55] /home/elghaz/Videos/obs/2025-04-06_06-40-26.mkv | length=16.667 | time=10.3
[Sunday/April 06/04/2025 06:57:18] /home/elghaz/Videos/obs/2025-04-06_06-57-09.mkv | length=2 | time=1.983
[Sunday/April 06/04/2025 07:07:15] /run/user/1000/gvfs/mtp:host=Xiaomi_Redmi_Note_13_Pro_5G_c369d9a9/Internal shared storage/DCIM/Camera/VID_20250406_065723.mp4 | length=364.60656666667 | time=328.60588888889
[Sunday/April 06/04/2025 07:09:46] /home/elghaz/Videos/obs/2025-04-06_06-43-23.mkv | length=626.717 | time=1.483
[Sunday/April 06/04/2025 07:09:58] /home/elghaz/Videos/obs/2025-04-06_06-42-03.mkv | length=43.017 | time=43
[Sunday/April 06/04/2025 07:09:59] /home/elghaz/Videos/obs/2025-04-06_06-43-23.mkv | length=626.717 | time=2.017
[Sunday/April 06/04/2025 07:11:25] /home/elghaz/Videos/obs/2025-04-06_06-43-23.mkv | length=626.717 | time=257.833
[Monday/April 07/04/2025 09:38:02] /home/elghaz/Videos/anime/sakamoto/SAKAMOTO DAYS Episode 8.mp4 | length=1511.744 | time=1332.706375
[Monday/April 07/04/2025 13:04:15] /home/elghaz/Videos/anime/sakamoto/SAKAMOTO DAYS Episode 9.mp4 | length=1511.744 | time=1336.0430416667
[Monday/April 07/04/2025 13:24:40] /home/elghaz/Videos/anime/sakamoto/SAKAMOTO DAYS Episode 10.mp4 | length=1507.5894166667 | time=1271.895625
[Monday/April 07/04/2025 14:12:56] /home/elghaz/Videos/anime/sakamoto/SAKAMOTO DAYS Episode 11.mp4 | length=1507.904 | time=1338.211875
[Monday/April 07/04/2025 22:12:22] /home/elghaz/Videos/anime/pemadam/Enen no Shouboutai San no Shou Episode 1.mp4 | length=1467.0590022676 | time=1121.245125
[Monday/April 07/04/2025 22:45:15] /home/elghaz/Videos/anime/auraFarming/Ore dake Level Up na Ken Episode 1.mp4 | length=1422.078 | time=1343.328
[Thursday/April 10/04/2025 14:45:02] "Kanpekisugite Kawaige ga Nai to Konyaku Haki sareta Seijo wa Ringoku ni Urareru Episode 1" | https://myanime.sharepoint.com/sites/chartlousty/_layouts/15/download.aspx?share=EWVcmjyL5ktNot9GBJdn-tEBg_DNjsT_5Ihc9Utyq4TL-A | length=1420.0619954649 | time=893.97641666667
[Thursday/April 10/04/2025 14:54:40] /home/elghaz/Videos/anime/apoteker/Kusuriya no Hitorigoto Season 2 Episode 6.mp4 | length=1442.09 | time=434.809375
[Friday/April 11/04/2025 13:11:07] /home/elghaz/Videos/anime/apoteker/Kusuriya no Hitorigoto Season 2 Episode 6.mp4 | length=1442.09 | time=1361.4434166667
[Tuesday/April 15/04/2025 06:33:26] /home/elghaz/Videos/anime/apoteker/Kusuriya no Hitorigoto Season 2 Episode 7.mp4 | length=1440.0780045351 | time=1032.3229583333
[Wednesday/April 16/04/2025 15:55:37] /home/elghaz/Videos/anime/apoteker/Kusuriya no Hitorigoto Season 2 Episode 7.mp4 | length=1440.0780045351 | time=1342.59125
[Wednesday/April 16/04/2025 16:30:27] /home/elghaz/Videos/anime/apoteker/Kusuriya no Hitorigoto Season 2 Episode 8.mp4 | length=1442.09 | time=1341.7570833333
[Thursday/April 17/04/2025 06:03:29] /home/elghaz/Videos/anime/apoteker/Kusuriya no Hitorigoto Season 2 Episode 8.mp4 | length=1442.09 | time=1344.2595833333
[Thursday/April 17/04/2025 07:26:49] /home/elghaz/Videos/anime/apoteker/Kusuriya no Hitorigoto Season 2 Episode 9.mp4 | length=1442.176 | time=1350.974625
[Thursday/April 17/04/2025 10:16:29] /home/elghaz/Videos/anime/auraFarming/Ore dake Level Up na Ken Episode 2.mp4 | length=1422.036 | time=1365.252
[Thursday/April 17/04/2025 10:26:02] /home/elghaz/Videos/anime/auraFarming/Ore dake Level Up na Ken Episode 3.mp4 | length=1422.08 | time=1334.97
[Thursday/April 17/04/2025 10:35:16] /home/elghaz/Videos/anime/auraFarming/Ore dake Level Up na Ken Episode 4.mp4 | length=1422.078 | time=1333.752
[Thursday/April 17/04/2025 10:48:18] /home/elghaz/Videos/anime/auraFarming/Ore dake Level Up na Ken Episode 5.mp4 | length=1422.078 | time=1340.598
[Thursday/April 17/04/2025 17:40:05] /home/elghaz/Videos/anime/apoteker/Kusuriya no Hitorigoto Season 2 Episode 9.mp4 | length=1442.176 | time=1352.10075
[Thursday/April 17/04/2025 18:02:30] /home/elghaz/Videos/anime/apoteker/Kusuriya no Hitorigoto Season 2 Episode 10.mp4 | length=1442.176 | time=1341.3817083333
[Friday/April 18/04/2025 06:26:48] /home/elghaz/Videos/anime/auraFarming/Ore dake Level Up na Ken Episode 6.mp4 | length=1422.12 | time=18.858
[Friday/April 18/04/2025 06:27:03] /home/elghaz/Videos/anime/auraFarming/Ore dake Level Up na Ken Episode 5.mp4 | length=1422.078 | time=1334.046
[Friday/April 18/04/2025 06:34:08] /home/elghaz/Videos/anime/auraFarming/Ore dake Level Up na Ken Episode 6.mp4 | length=1422.12 | time=1331.526
[Friday/April 18/04/2025 06:34:12] /home/elghaz/Videos/anime/auraFarming/Ore dake Level Up na Ken Episode 7.5.mp4 | length=1420.0619954649 | time=1.0427083333333
[Friday/April 18/04/2025 06:57:05] /home/elghaz/Videos/anime/auraFarming/Ore dake Level Up na Ken Episode 7.mp4 | length=1422.036 | time=1342.572
[Friday/April 18/04/2025 06:57:12] /home/elghaz/Videos/anime/auraFarming/Ore dake Level Up na Ken Episode 7.5.mp4 | length=1420.0619954649 | time=508.25775
[Friday/April 18/04/2025 12:59:59] /home/elghaz/Videos/anime/auraFarming/Ore dake Level Up na Ken Episode 7.5.mp4 | length=1420.0619954649 | time=1295.54425
[Friday/April 18/04/2025 13:20:59] /home/elghaz/Videos/anime/auraFarming/Ore dake Level Up na Ken Episode 8.mp4 | length=1422.12 | time=1331.61
[Friday/April 18/04/2025 16:34:12] /home/elghaz/Videos/anime/auraFarming/Ore dake Level Up na Ken Episode 9.mp4 | length=1422.12 | time=1329.594
[Friday/April 18/04/2025 17:01:53] /home/elghaz/Videos/anime/auraFarming/Ore dake Level Up na Ken Episode 10.mp4 | length=1422.12 | time=1329.804
[Friday/April 18/04/2025 17:30:41] /home/elghaz/Videos/anime/auraFarming/Ore dake Level Up na Ken Episode 11.mp4 | length=1422.078 | time=1331.358
[Friday/April 18/04/2025 17:31:52] /home/elghaz/Videos/anime/auraFarming/Ore dake Level Up na Ken Episode 12.mp4 | length=1422.078 | time=6.762
[Friday/April 18/04/2025 21:02:07] /home/elghaz/Videos/anime/auraFarming/Ore dake Level Up na Ken Episode 12.mp4 | length=1422.078 | time=892.5
[Tuesday/April 22/04/2025 11:29:17] /home/elghaz/Videos/anime/auraFarming/Ore dake Level Up na Ken Episode 9.mp4 | length=1422.12 | time=1321.026
[Tuesday/April 22/04/2025 11:29:39] /home/elghaz/Videos/anime/auraFarming/Ore dake Level Up na Ken Episode 11.mp4 | length=1422.078 | time=1335.012
[Tuesday/April 22/04/2025 11:39:35] /home/elghaz/Videos/anime/auraFarming/Ore dake Level Up na Ken Episode 12.mp4 | length=1422.078 | time=1422.036
[Tuesday/April 22/04/2025 12:13:47] /home/elghaz/Videos/anime/witchwatch/Witch Watch Episode 2.mp4 | length=1453.9942083333 | time=1367.6996666667
[Tuesday/April 22/04/2025 18:15:05] /home/elghaz/Videos/anime/witchwatch/Witch Watch Episode 2.mp4 | length=1453.9942083333 | time=1368.5755416667
[Tuesday/April 22/04/2025 18:36:05] /home/elghaz/Videos/anime/witchwatch/Witch Watch Episode 3.mp4 | length=1453.9942083333 | time=1352.1841666667
[Wednesday/April 23/04/2025 11:23:39] /home/elghaz/Videos/anime/summerpocket/Summer Pockets Episode 1.mp4 | length=1420.0619954649 | time=1.876875
[Wednesday/April 23/04/2025 11:25:11] /home/elghaz/Videos/anime/summerpocket/Summer Pockets Episode 1.mp4 | length=1420.0619954649 | time=493.868375
[Wednesday/April 23/04/2025 11:57:20] /home/elghaz/Videos/anime/summerpocket/Summer Pockets Episode 1.mp4 | length=1420.0619954649 | time=1378.3352916667
[Wednesday/April 23/04/2025 18:54:02] /home/elghaz/Videos/anime/auraFarming2/Ore dake Level Up na Ken Season 2 Arise from the Shadow Episode 1.mp4 | length=1420.062 | time=1329.342
[Wednesday/April 23/04/2025 19:25:38] /home/elghaz/Videos/anime/auraFarming2/Ore dake Level Up na Ken Season 2 Arise from the Shadow Episode 2.mp4 | length=1420.1309977324 | time=901.275375
[Saturday/April 26/04/2025 16:39:23] /home/elghaz/Videos/anime/auraFarming/Ore dake Level Up na Ken Episode 3.mp4 | length=1422.08 | time=292.824
[Saturday/April 26/04/2025 16:39:43] /home/elghaz/Videos/anime/auraFarming/Ore dake Level Up na Ken Episode 1.mp4 | length=1422.078 | time=965.202
[Saturday/April 26/04/2025 16:47:04] /home/elghaz/Videos/anime/auraFarming2/Ore dake Level Up na Ken Season 2 Arise from the Shadow Episode 2.mp4 | length=1420.1309977324 | time=1330.454125
[Saturday/April 26/04/2025 16:49:12] /home/elghaz/Videos/anime/auraFarming/Ore dake Level Up na Ken Episode 1.mp4 | length=1422.078 | time=1134.84
[Saturday/April 26/04/2025 16:50:13] /home/elghaz/Videos/anime/auraFarming/Ore dake Level Up na Ken Episode 2.mp4 | length=1422.036 | time=881.202
[Saturday/April 26/04/2025 16:50:27] /home/elghaz/Videos/anime/auraFarming2/Ore dake Level Up na Ken Season 2 Arise from the Shadow Episode 3.mp4 | length=1420 | time=3.128125
[Saturday/April 26/04/2025 16:50:33] /home/elghaz/Videos/anime/auraFarming2/Ore dake Level Up na Ken Season 2 Arise from the Shadow Episode 2.mp4 | length=1420.1309977324 | time=1345.8862083333
[Saturday/April 26/04/2025 17:19:02] /home/elghaz/Videos/anime/auraFarming2/Ore dake Level Up na Ken Season 2 Arise from the Shadow Episode 3.mp4 | length=1420 | time=1331.7470833333
[Saturday/April 26/04/2025 17:44:38] /home/elghaz/Videos/anime/auraFarming2/Ore dake Level Up na Ken Season 2 Arise from the Shadow Episode 4.mp4 | length=1420.0619954649 | time=1330.1204583333
[Saturday/April 26/04/2025 17:50:22] /home/elghaz/Videos/anime/auraFarming2/Ore dake Level Up na Ken Season 2 Arise from the Shadow Episode 5.mp4 | length=1420.0150113379 | time=394.85279166667
[Saturday/April 26/04/2025 18:06:28] /home/elghaz/Videos/anime/auraFarming2/Ore dake Level Up na Ken Season 2 Arise from the Shadow Episode 5.mp4 | length=1420.0150113379 | time=1338.6706666667
[Saturday/April 26/04/2025 18:28:00] /home/elghaz/Videos/anime/auraFarming2/Ore dake Level Up na Ken Season 2 Arise from the Shadow Episode 6.mp4 | length=1420.032 | time=1343.5505416667
[Saturday/April 26/04/2025 18:31:19] /home/elghaz/Videos/anime/auraFarming2/Ore dake Level Up na Ken Season 2 Arise from the Shadow Episode 12.mp4 | length=1419.9680045351 | time=494.494
[Saturday/April 26/04/2025 19:01:32] /home/elghaz/Videos/anime/auraFarming2/Ore dake Level Up na Ken Season 2 Arise from the Shadow Episode 7.mp4 | length=1420.0619954649 | time=1373.4137083333
[Sunday/April 27/04/2025 12:49:15] /home/elghaz/Videos/anime/auraFarming2/Ore dake Level Up na Ken Season 2 Arise from the Shadow Episode 7.mp4 | length=1420.0619954649 | time=1374.5398333333
[Sunday/April 27/04/2025 12:49:18] /home/elghaz/Videos/anime/auraFarming2/Ore dake Level Up na Ken Season 2 Arise from the Shadow Episode 8.mp4 | length=1420.1080045351 | time=1331.9973333333
[Sunday/April 27/04/2025 13:07:51] /home/elghaz/Videos/anime/auraFarming2/Ore dake Level Up na Ken Season 2 Arise from the Shadow Episode 9.mp4 | length=1420.0619954649 | time=1330.6209583333
[Monday/April 28/04/2025 10:06:57] /home/elghaz/Videos/anime/auraFarming2/Ore dake Level Up na Ken Season 2 Arise from the Shadow Episode 8.mp4 | length=1420.1080045351 | time=1332.58125
[Monday/April 28/04/2025 10:07:00] /home/elghaz/Videos/anime/auraFarming2/Ore dake Level Up na Ken Season 2 Arise from the Shadow Episode 9.mp4 | length=1420.0619954649 | time=1332.331
[Monday/April 28/04/2025 10:28:31] /home/elghaz/Videos/anime/auraFarming2/Ore dake Level Up na Ken Season 2 Arise from the Shadow Episode 10.mp4 | length=1420.1080045351 | time=1336.2932916667
[Monday/April 28/04/2025 10:49:26] /home/elghaz/Videos/anime/auraFarming2/Ore dake Level Up na Ken Season 2 Arise from the Shadow Episode 11.mp4 | length=1420.0619954649 | time=1332.9983333333
[Monday/April 28/04/2025 11:09:40] /home/elghaz/Videos/anime/auraFarming2/Ore dake Level Up na Ken Season 2 Arise from the Shadow Episode 12.mp4 | length=1419.9680045351 | time=1333.8325
[Monday/April 28/04/2025 11:33:55] /home/elghaz/Videos/anime/auraFarming2/Ore dake Level Up na Ken Season 2 Arise from the Shadow Episode 13.mp4 | length=1420.0619954649 | time=1367.366
[Wednesday/April 30/04/2025 15:52:34] /home/elghaz/file.mp4 | length=14.924 | time=2.7833222222222
[Thursday/May 01/05/2025 21:11:27] /home/elghaz/Videos/anime/summerpocket/Summer Pockets Episode 2.mp4 | length=1420.0619954649 | time=1416.1678356182
[Saturday/May 03/05/2025 21:01:22] "Witch Watch Episode 4" | https://sunshinerays93.live/_v7/f1b0b7c299b331ad6cd9c9751b2003adaa33a5e23c9e77e463b3ffc61b5a850958b01dbf3ff29590e9b533d0404d66d2aaa6e364acae3f776d6502d0db58d2456f630ada5af222b3c19100b3c1e17f9292439e92fdc9260e50b14649a4b10bd211c68d3f1d13dc54a9fd628f86370726a88569ccc7a8b44e634ee6b7853d23e5/index-f1-v1-a1.m3u8 | length=1452 | time=1352.44
[Friday/May 09/05/2025 13:28:32] /home/elghaz/Videos/anime/summerpocket/Summer Pockets Episode 2.mp4 | length=1420.0619954649 | time=1418.417
[Friday/May 09/05/2025 13:49:19] /home/elghaz/Videos/anime/summerpocket/Summer Pockets Episode 3.mp4 | length=1420.1080045351 | time=1337.58625
[Friday/May 09/05/2025 14:13:09] "Summer Pockets Episode 4" | https://lightningspark77.pro/_v7/967a54ce29e6e435a192a188b76dedda0ebb9cfcbc8b947ec6cf8ceb06220470dc5cf42e216d7863e0784f073b040e3cf8501541948296aa5d23dd53e2b41ee34baebccf8c546a7684ebf00d15d87d64175eb1b0293dfff5daa9427503e2f147d675778a9763e62928aa25421dc8b696818403223f76e5a1cba3232c837c148a/index-f1-v1-a1.m3u8 | length=1420 | time=1350.72
[Friday/May 09/05/2025 14:37:12] "Summer Pockets Episode 5" | https://sunburst66.pro/_v7/18fdd0f0f35e09c2bdc709839e8c74c8805e0cf656007eba0f85bddd8037a41560f9038d5ce31ff99f7188819b10f9a7abd8623a997c49e5023fe6d1ff8d2530a4e472e3835ccb8e2c8e396a8317923b2713f0869db8892cd880b2ba3ad1204c90413cbc2e9a010c8bbd429433d8e910e0d2ca4fe1d48968cd46a49febf40361/index-f1-v1-a1.m3u8 | length=1420.08 | time=1420.1385
[Friday/May 09/05/2025 14:51:10] "Witch Watch Episode 5" | https://frostbite27.pro/_v7/d6f0396175e4e3caad186c894f076975a9eaba1056492eb9f6f44fa7b15cc15145e4acc32d72ca1fd75ac0a74cae3b9398dc553630d9250ab95ab0d9e98e88a230eb2ca0332cc350de3995cbc7667ac3a7f309f85f534cc6fc8d1e3da504ca31537d1814792aab260ceea2e78da7730fda028c22a518f9d9cfad378fadbbfc61/index-f1-v1-a1.m3u8 | length=1452.08 | time=879.84
[Friday/May 09/05/2025 14:51:26] "Witch Watch Episode 5" | https://frostbite27.pro/_v7/d6f0396175e4e3caad186c894f076975a9eaba1056492eb9f6f44fa7b15cc15145e4acc32d72ca1fd75ac0a74cae3b9398dc553630d9250ab95ab0d9e98e88a230eb2ca0332cc350de3995cbc7667ac3a7f309f85f534cc6fc8d1e3da504ca31537d1814792aab260ceea2e78da7730fda028c22a518f9d9cfad378fadbbfc61/index-f1-v1-a1.m3u8 | length=1452.08 | time=0
[Friday/May 09/05/2025 14:52:03] "Witch Watch Episode 5" | https://frostbite27.pro/_v7/d6f0396175e4e3caad186c894f076975a9eaba1056492eb9f6f44fa7b15cc15145e4acc32d72ca1fd75ac0a74cae3b9398dc553630d9250ab95ab0d9e98e88a230eb2ca0332cc350de3995cbc7667ac3a7f309f85f534cc6fc8d1e3da504ca31537d1814792aab260ceea2e78da7730fda028c22a518f9d9cfad378fadbbfc61/index-f2-v1-a1.m3u8 | length=1452.08 | time=823.08
[Friday/May 09/05/2025 14:52:05] "Witch Watch Episode 5" | https://frostbite27.pro/_v7/d6f0396175e4e3caad186c894f076975a9eaba1056492eb9f6f44fa7b15cc15145e4acc32d72ca1fd75ac0a74cae3b9398dc553630d9250ab95ab0d9e98e88a230eb2ca0332cc350de3995cbc7667ac3a7f309f85f534cc6fc8d1e3da504ca31537d1814792aab260ceea2e78da7730fda028c22a518f9d9cfad378fadbbfc61/index-f1-v1-a1.m3u8 | length=1452.08 | time=572.16
[Monday/May 12/05/2025 09:26:59] /home/elghaz/Videos/obs/2025-05-12_09-26-00.mkv | length=31.917 | time=7.617
[Monday/May 12/05/2025 09:28:12] /home/elghaz/Videos/obs/2025-05-12_09-26-00.mkv | length=31.917 | time=27.783
[Monday/May 12/05/2025 09:32:57] /home/elghaz/Videos/obs/2025-05-12_09-31-55.mkv | length=10.817 | time=10.8
[Monday/May 12/05/2025 09:33:20] /home/elghaz/Videos/obs/2025-05-12_09-33-11.mkv | length=2.567 | time=2.55
[Monday/May 12/05/2025 09:34:09] /home/elghaz/Videos/obs/2025-05-12_09-33-54.mkv | length=0 | time=3.317
[Monday/May 12/05/2025 09:34:29] /home/elghaz/Videos/obs/2025-05-12_09-33-54.mkv | length=12.717 | time=12.7
[Monday/May 12/05/2025 16:26:12] "Ballpark de Tsukamaete Episode 1" | https://sunburst66.pro/_v7/f4d15ee7f4103029d4bdc4ba999143322cb4a8190eddb446b2b86f6da095c541ae3527d4745f6ff33c222e9c87ff8de07f063ca985e0d9d47b325dbd87a9a34bccbcba504daff844a9ea2b9580af09a76aea93056fdeed2d7392917460eee0316c7f8ce7eeba12d5d45779fd3f94701bc0e7f5bf0d92dc7e36611ed61d96b056/index-f1-v1-a1.m3u8 | length=1429.92 | time=24.56
[Monday/May 12/05/2025 16:52:07] "Ballpark de Tsukamaete Episode 1" | https://sunburst66.pro/_v7/f4d15ee7f4103029d4bdc4ba999143322cb4a8190eddb446b2b86f6da095c541ae3527d4745f6ff33c222e9c87ff8de07f063ca985e0d9d47b325dbd87a9a34bccbcba504daff844a9ea2b9580af09a76aea93056fdeed2d7392917460eee0316c7f8ce7eeba12d5d45779fd3f94701bc0e7f5bf0d92dc7e36611ed61d96b056/index-f1-v1-a1.m3u8 | length=1429.92 | time=1361.2
[Monday/May 12/05/2025 17:18:01] "Ballpark de Tsukamaete Episode 2" | https://tools.fast4speed.rsvp//media9/videos/TzfnBnjs9Ee4hyao8/sub/2_1744130415895?v=1 | length=1430.0229931973 | time=1341.465125
[Monday/May 12/05/2025 17:50:23] "Ballpark de Tsukamaete Episode 3" | https://thunderwave48.xyz/_v7/db4581325e174a12f1593b8da9b7651062ef1c46cea7976c7ccb25df39236754ca20fa146afd4dff65adc4e65f1604d1090408a547207cc30d2c4069c810f3775ec08399e06ec39f175d046faced1b32ad028caa8361a187f181f0dbdb3a452d03b3316de970a67942ca51ff66a2024991c6c9b7dc63cc0bcab71f9260c4f3ec/index-f1-v1-a1.m3u8 | length=1429.92 | time=1344.08
[Monday/May 12/05/2025 18:17:19] "Ballpark de Tsukamaete Episode 4" | https://windflash93.xyz/_v7/4ab1e684b9e1861f0fbec29d62cc6f684b2d53ae30141dd11c6676f918490a8dbcbfaa78b3f5e20bb93493e2365cc68e09238b7f8dbdcc04ccce2e4bbfbfccd07d7af1fcf84f26ea1a9b08e1a861de3bbef082d4e8cae026edcfdc37e572bfad0151a1013ccd662e8548f31630c24e5d38de291db1092a3b3fc33659e7d67533/index-f1-v1-a1.m3u8 | length=1429.96 | time=716.36
[Monday/May 12/05/2025 18:56:09] "Ballpark de Tsukamaete Episode 6" | https://tools.fast4speed.rsvp//media9/videos/TzfnBnjs9Ee4hyao8/sub/6_1746634583037?v=1 | length=1430.0229931973 | time=101.76833333333
[Monday/May 12/05/2025 18:56:48] "Ballpark de Tsukamaete Episode 5" | https://tools.fast4speed.rsvp//media9/videos/TzfnBnjs9Ee4hyao8/sub/5_1745944819625?v=1 | length=1429.9529931973 | time=626.20891666667
[Monday/May 12/05/2025 19:07:24] "Ballpark de Tsukamaete Episode 4" | https://windflash93.xyz/_v7/4ab1e684b9e1861f0fbec29d62cc6f684b2d53ae30141dd11c6676f918490a8dbcbfaa78b3f5e20bb93493e2365cc68e09238b7f8dbdcc04ccce2e4bbfbfccd07d7af1fcf84f26ea1a9b08e1a861de3bbef082d4e8cae026edcfdc37e572bfad0151a1013ccd662e8548f31630c24e5d38de291db1092a3b3fc33659e7d67533/index-f1-v1-a1.m3u8 | length=1429.96 | time=1341.8
[Monday/May 12/05/2025 19:29:52] "Ballpark de Tsukamaete Episode 5" | https://rainstorm92.xyz/_v7/a84e5cd19ac04df65a4b691cd6052a8d8eba86b9da0a97c90fec7478e07a5517cb60d680f95629279284330a2565e1f3d98ac3c271c21bf0cbd266b61d4759174be0a9dc2eecd24c0a2b1be4e4f2253c40bbdce97ba4130fb5f7079d1cd5b8ff62c032de8e91c3af64fe7a9ac5321a78f3de146cde2cba36067fda9866a2a339/index-f1-v1-a1.m3u8 | length=1429.88 | time=1338.88
[Monday/May 12/05/2025 19:51:28] "Ballpark de Tsukamaete Episode 6" | https://cloudburst82.xyz/_v7/920b3be7cc30071b662b3ab8530a9d544a87e259bfda67ccd2569e06601fa210ac79578ea6d0e111d9e1be937299fb6cea81283752a8f7d46ea4253692b389ecae4887caebbb9d5259606cb22338ab73408b3520e75182f7cac1fd62d1a5a72cacc1cf9c555f9197fbd789d01e12b8f11419a1fcc30acedfec76e958b777bf01/index-f1-v1-a1.m3u8 | length=1429.96 | time=1341.96
[Monday/May 12/05/2025 20:08:49] /home/elghaz/Videos/anime/apoteker/Kusuriya no Hitorigoto Season 2 Episode 7.mp4 | length=1440.0780045351 | time=1092.466375
[Monday/May 12/05/2025 20:09:14] /home/elghaz/Videos/anime/apoteker/Kusuriya no Hitorigoto Season 2 Episode 8.mp4 | length=1442.09 | time=1182.306125
[Monday/May 12/05/2025 20:09:25] /home/elghaz/Videos/anime/apoteker/Kusuriya no Hitorigoto Season 2 Episode 9.mp4 | length=1442.176 | time=1362.9032083333
[Monday/May 12/05/2025 20:24:22] "Kono Kaisha ni Suki na Hito ga Imasu Episode 11" | https://frostywinds57.live/_v7/c865492b0e1fc668b8474754b6a1a25912e9d4840a1b56c443d505c417b0eb12cedf9c962b88c813e76a9f317ae25b73bc424d8c068d74cbc4651710950a1cd93b85100231f316b5718d2eb488c1577f74acc686926b0143d083b762c61440e0c1c8e7607e59aa80a1ce8f4df49a688af281e2d47caf5a06f7b6ef656878ed9c/index-f1-v1-a1.m3u8 | length=1431 | time=1106.08
[Monday/May 12/05/2025 20:25:15] "Kono Kaisha ni Suki na Hito ga Imasu Episode 12" | https://frostbite27.pro/_v7/26271179136e3334aaaca78c3b97027bdbb6e033e2777f9ba503010a0318c6b196ffd80f03f60c1b0c4165f3677e1c8f6496f967fbde87525ecc41a8089411e758c9c71e361fa7446f9ceb1d72f9e42df8450889e129b43f982db39672b13c959a054f0f1fc18def2a9f8ee46bd8423aa8b2446bbc6b20f732a281f0b20e0ae1/index-f1-v1-a1.m3u8 | length=1430.96 | time=0
[Monday/May 12/05/2025 20:26:30] "Kuroiwa Medaka ni Watashi no Kawaii ga Tsuujinai Episode 12" | https://tools.fast4speed.rsvp//media9/videos/vbpxGSH56BYLnbJEa/sub/12_1742839700020?v=1 | length=1425.1 | time=996.74575
[Tuesday/May 13/05/2025 15:41:24] "Kono Kaisha ni Suki na Hito ga Imasu Episode 12" | https://tools.fast4speed.rsvp//media9/videos/tXcBr78qymMvGnkMk/sub/12_1742855059360?v=1.2 | length=1329.92 | time=1243.116875
[Saturday/May 17/05/2025 16:54:12] "Shiunjike no Kodomotachi Episode 3" | https://windflash93.xyz/_v7/5c911a14f8faf89cf80b23b038a3194a028ea724e8249c4a41618713605d1e4b15f8f00bdbc1710465fd2a31fcaf1a507971b26e206a3c9ad5067b1063871a86410549a563437ef803db3cb70b5e86f9ce06007418a7966c66603ba958a813bd0431914aa378afe2c06527f8527376afecd1260ca7ad14d5b51a957c8f41d1b6/index-f1-v1-a1.m3u8 | length=1420 | time=1152.68
[Sunday/May 18/05/2025 20:15:03] /home/elghaz/Videos/obs/konsul3-mp4.mp4 | length=3114.166 | time=1450.967
[Sunday/May 18/05/2025 20:15:21] /home/elghaz/Videos/obs/konsul3.mkv | length=3114.167 | time=12.567
[Wednesday/May 28/05/2025 09:53:20] /home/elghaz/Videos/obs/2025-05-28_09-49-36.mkv | length=12.567 | time=12.55
[Wednesday/May 28/05/2025 09:53:24] /home/elghaz/Videos/obs/konsul3-mp4-mix-track.mp4 | length=3114.1666666667 | time=3.3333333333333
[Wednesday/May 28/05/2025 09:53:42] /home/elghaz/Videos/obs/2025-05-28_09-49-36.mkv | length=12.567 | time=11.967
[Wednesday/May 28/05/2025 09:54:32] /home/elghaz/Videos/obs/2025-05-28_09-53-51.mkv | length=9.017 | time=9
[Wednesday/May 28/05/2025 09:59:17] /home/elghaz/Videos/obs/2025-05-28_09-55-42.mkv | length=170.167 | time=161.75
[Wednesday/May 28/05/2025 10:16:44] /home/elghaz/Videos/obs/2025-05-28_09-59-25.mkv | length=112.767 | time=50.8
[Wednesday/May 28/05/2025 10:28:46] /home/elghaz/Videos/obs/2025-05-28_10-03-38.mkv | length=738.667 | time=732.683
[Wednesday/May 28/05/2025 10:31:36] /home/elghaz/Videos/obs/2025-05-28_10-03-38.mkv | length=738.667 | time=388.25
[Wednesday/May 28/05/2025 10:31:58] /run/media/elghaz/New Volume/pbo-video/2025-05-28_10-03-38.mkv | length=738.667 | time=287.567
[Wednesday/May 28/05/2025 10:32:23] /run/media/elghaz/New Volume/pbo-video/VID_20250528_100335.mp4 | length=737.69795918367 | time=545.22315555556
[Wednesday/May 28/05/2025 10:33:35] /home/elghaz/Videos/obs/2025-05-12_09-38-28.mkv | length=6288.117 | time=4261.75
[Wednesday/May 28/05/2025 10:40:01] /run/media/elghaz/New Volume/persona5/video1/VID_20250512_091006.mp4 | length=85.909333333333 | time=84.766633333333
[Thursday/May 29/05/2025 12:18:38] /home/elghaz/Videos/pbo-ammar/20250529_114741.mp4 | length=1155.5478888889 | time=741.30967777778
[Monday/July 07/07/2025 10:15:31] /run/media/elghaz/New Volume/01. Ghazali/04. Media/Downloads/Green Binary Code On Back Background, Digital Computer Concept HD.mp4 | length=10.031020408163 | time=2.0353666666667
[Monday/July 07/07/2025 10:15:36] /run/media/elghaz/New Volume/01. Ghazali/04. Media/Downloads/Funny Whoosh - S RANK.mp3 | length=0.6008125 | time=0.36353044376871
[Monday/July 07/07/2025 10:15:39] /run/media/elghaz/New Volume/01. Ghazali/04. Media/Downloads/Green Binary Code On Back Background, Digital Computer Concept HD.mp4 | length=10.031020408163 | time=4.5378666666667
[Monday/July 07/07/2025 10:18:24] /run/media/elghaz/New Volume/01. Ghazali/04. Media/Downloads/Haruko - Sunshine Boulevard.m4a | length=163.51492063492 | time=163.26493669126
[Monday/July 07/07/2025 10:26:27] /run/media/elghaz/New Volume/01. Ghazali/04. Media/Downloads/Citlali's Home OST Indonesian Style EXTENDED  Genshin Impact.mp3 | length=274.88653061224 | time=274.62491690675
[Monday/July 07/07/2025 10:26:29] /run/media/elghaz/New Volume/01. Ghazali/04. Media/Downloads/Easy Money Wallpaper.jpg | length=0 | time=0
[Monday/July 07/07/2025 10:26:43] /run/media/elghaz/New Volume/01. Ghazali/04. Media/Downloads/Haruko - Sunshine Boulevard.m4a | length=163.51492063492 | time=0
[Monday/July 07/07/2025 10:26:51] /run/media/elghaz/New Volume/01. Ghazali/04. Media/Downloads/Homie Cat - Childhood Imagination.mp3 | length=198.1387755102 | time=0
[Monday/July 07/07/2025 10:26:55] /run/media/elghaz/New Volume/01. Ghazali/04. Media/Downloads/Haruko - Sunshine Boulevard.m4a | length=163.51492063492 | time=12.35320299766
[Monday/July 07/07/2025 10:30:10] /run/media/elghaz/New Volume/01. Ghazali/04. Media/Downloads/Homie Cat - Childhood Imagination.mp3 | length=198.1387755102 | time=197.86764201899
[Monday/July 07/07/2025 10:30:10] /run/media/elghaz/New Volume/01. Ghazali/04. Media/Downloads/materi-3-cam.mp4 | length=1674.2 | time=6.6
[Saturday/July 12/07/2025 12:07:01] "Rikei ga Koi ni Ochita no de Shoumei shitemita Episode 2" | https://video.wixstatic.com/video/a87cac_11005a2fcb6f4b75965c961fafc5991a/1080p/mp4/file.mp4 | length=1419.97 | time=766.05695833333
[Saturday/July 12/07/2025 18:19:11] "Rikei ga Koi ni Ochita no de Shoumei shitemita Episode 2" | https://video.wixstatic.com/video/a87cac_11005a2fcb6f4b75965c961fafc5991a/1080p/mp4/file.mp4 | length=1419.97 | time=1333.58225
[Saturday/July 12/07/2025 18:43:13] "Rikei ga Koi ni Ochita no de Shoumei shitemita Episode 3" | https://video.wixstatic.com/video/bff284_589c7a9b1d2c406fb41216f1b2817d97/1080p/mp4/file.mp4 | length=1420.0160090703 | time=1416.9572083333
[Sunday/July 13/07/2025 09:38:35] "Mono Episode 1" | https://rainstorm92.xyz/_v7/54508b0b9e1052eb086f276559e805e741c248df5f85becedaf4d0bd2d5735b82a3d50627ebdac31ac2662c060223757edcb91ce739fa8cd3895105e324cfaa25c6ecbe6bd222d497255aa880e2f191635f22a94bbcef89d673bf1f9ef8ff58ae436170dede3db248351ef7faa4951e27239a0d1f1079a80a0bbb6d6202c0b19/index-f1-v1-a1.m3u8 | length=1440 | time=1440.0412375537
[Sunday/July 13/07/2025 21:05:11] "Mono Episode 2" | https://windflash93.xyz/_v7/7d36e76b62165c9284a09db3391e224a8c285c1c0329202fdf6e512d087a79d3abf65380b8a22f4bd38f48f6997ad5a029318e255e2b711580f443e67150f386aad823d2eaa775e381b0a19204cf27a811be80613a9e06447e494cfd3a7383d55ef80653dd67e0a52204578a5e1ff47c01f4e8820476e170b4d3b7405ec6fdbd/index-f1-v1-a1.m3u8 | length=1440.08 | time=1439.56
[Sunday/July 13/07/2025 21:40:12] "mono - Episode 3" | https://myanime.sharepoint.com/sites/chartlousty/_layouts/15/download.aspx?share=ERVc9F458LpNtuPAyzYfiVYBIjE5vb82P6JkokLMJHrEPQ | length=1440.0780045351 | time=20.228541666667
[Sunday/July 13/07/2025 22:07:40] "WITCH WATCH - Episode 12" | https://myanime.sharepoint.com/sites/chartlousty/_layouts/15/download.aspx?share=EX5edTHBVQ9ArYZszZmqdGUB3Ca21eDjZpNKqBqAFeGJ7w | length=1452.0819954649 | time=1451.9922083333
[Sunday/July 13/07/2025 22:08:06] "WITCH WATCH - Episode 13" | https://myanime.sharepoint.com/sites/chartlousty/_layouts/15/download.aspx?share=EZnGDsnv7ehOtHNu2cRrXnEBerSkxJQzrmvVKrCGq45z-g | length=1452.1280045351 | time=17.726041666667
[Monday/July 14/07/2025 10:26:09] "Rikei ga Koi ni Ochita no de Shoumei shitemita Episode 4" | https://video.wixstatic.com/video/07b4fd_419e0b8d1ba84dcbad6aaea0b9dc57c7/1080p/mp4/file.mp4 | length=1420.0619954649 | time=87.212125
[Monday/July 14/07/2025 10:31:41] "Science Fell in Love, So I Tried to Prove It - Episode 4" | https://repackager.wixmp.com/video.wixstatic.com/video/07b4fd_419e0b8d1ba84dcbad6aaea0b9dc57c7/,720p,1080p,480p,/mp4/file.mp4.urlset/master.m3u8 | length=1420.086 | time=0
[Monday/July 14/07/2025 10:32:44] "Science Fell in Love, So I Tried to Prove It - Episode 4" | https://myanime.sharepoint.com/sites/anime/_layouts/15/download.aspx?share=EZLGonyaHwlJuVg9DMxLuu8Bamfm03Ja3CZwGop0a4IqZQ | length=1420.0627664399 | time=174.25741666667
[Monday/July 14/07/2025 11:03:46] "Rikei ga Koi ni Ochita no de Shoumei shitemita Episode 5" | https://video.wixstatic.com/video/a5ebac_be986d8e38fa453e922de794aac33eb6/1080p/mp4/file.mp4 | length=1420.0160090703 | time=6.5065
[Monday/July 14/07/2025 11:04:12] "Rikei ga Koi ni Ochita no de Shoumei shitemita Episode 4" | https://video.wixstatic.com/video/07b4fd_419e0b8d1ba84dcbad6aaea0b9dc57c7/1080p/mp4/file.mp4 | length=1420.0619954649 | time=81.623208333333
[Tuesday/July 15/07/2025 23:43:14] "The Gorilla God’s Go-To Girl - Episode 10" | https://myanime.sharepoint.com/sites/chartlousty/_layouts/15/download.aspx?share=EVOouEgOcM1JhpZP2WkKLdsBcyrBhAuN8c_hpbCo0T7V9g | length=1420.0619954649 | time=1419.9611840102
[Tuesday/July 15/07/2025 23:44:09] "The Gorilla God’s Go-To Girl - Episode 11" | https://myanime.sharepoint.com/sites/chartlousty/_layouts/15/download.aspx?share=ERUj_P5h_lBKjqaX6pZwc8sB4_U7hz8efTrVk3NLnuffBA | length=1420.0528333333 | time=14.305958333333
[Tuesday/July 15/07/2025 23:46:08] "The Gorilla God’s Go-To Girl - Episode 11" | https://myanime.sharepoint.com/sites/chartlousty/_layouts/15/download.aspx?share=ERUj_P5h_lBKjqaX6pZwc8sB4_U7hz8efTrVk3NLnuffBA | length=1420.0528333333 | time=32.198833333333
[Wednesday/July 16/07/2025 22:57:12] "The Shiunji Family Children - Episode 12" | https://myanime.sharepoint.com/sites/chartlousty/_layouts/15/download.aspx?share=EYM1vKpI8fBPrqS5XgEmPlwBe2u_Hi1bnQc4UUpa-hGYpA | length=1420.0619954649 | time=1409.282875
[Friday/July 18/07/2025 19:16:22] "Can a Boy-Girl Friendship Survive? - Episode 12" | https://myanime.sharepoint.com/sites/chartlousty/_layouts/15/download.aspx?share=EWnSk5Zz2-JKtpRSAp7GnMIBBkB9JAfhISqSOtGPvrfFUg | length=1420.01 | time=1344.6766666667
[Friday/July 18/07/2025 19:43:49] "WITCH WATCH - Episode 13" | https://myanime.sharepoint.com/sites/chartlousty/_layouts/15/download.aspx?share=EZnGDsnv7ehOtHNu2cRrXnEBerSkxJQzrmvVKrCGq45z-g | length=1452.1280045351 | time=1452.1280045351
[Friday/July 18/07/2025 19:54:18] "WITCH WATCH - Episode 14" | https://myanime.sharepoint.com/sites/chartlousty/_layouts/15/download.aspx?share=EVgtns0geR5HmvXieTGNk5kBJUJhmGjD0JhgAUBh8v8q_A | length=1452.0819954649 | time=1446.0279166667
[Friday/July 18/07/2025 19:59:54] "WITCH WATCH - Episode 14" | https://myanime.sharepoint.com/sites/chartlousty/_layouts/15/download.aspx?share=EVgtns0geR5HmvXieTGNk5kBJUJhmGjD0JhgAUBh8v8q_A | length=1452.0819954649 | time=1452.0819954649
[Friday/July 18/07/2025 20:30:50] "WITCH WATCH - Episode 15" | https://myanime.sharepoint.com/sites/chartlousty/_layouts/15/download.aspx?share=EdqsYzADKJhAny798QDwAtgB8iVqKz5zuLyWubofxIXcGg | length=1454.1218333333 | time=1453.2434583333
[Friday/July 18/07/2025 20:32:25] "WITCH WATCH - Episode 15" | https://myanime.sharepoint.com/sites/chartlousty/_layouts/15/download.aspx?share=EdqsYzADKJhAny798QDwAtgB8iVqKz5zuLyWubofxIXcGg | length=1454.1218333333 | time=1447.8630833333
[Friday/July 18/07/2025 20:39:16] "The Gorilla God’s Go-To Girl - Episode 11" | https://myanime.sharepoint.com/sites/chartlousty/_layouts/15/download.aspx?share=ERUj_P5h_lBKjqaX6pZwc8sB4_U7hz8efTrVk3NLnuffBA | length=1420.0528333333 | time=447.69725
[Friday/July 18/07/2025 22:35:06] "mono - Episode 3" | https://myanime.sharepoint.com/sites/chartlousty/_layouts/15/download.aspx?share=ERVc9F458LpNtuPAyzYfiVYBIjE5vb82P6JkokLMJHrEPQ | length=1440.0780045351 | time=1440.0780045351
[Saturday/July 19/07/2025 11:02:09] "The 100 Girlfriends Who Really, Really, Really, Really, REALLY Love You Season 2 - Episode 6" | https://myanime.sharepoint.com/sites/chartlousty/_layouts/15/download.aspx?share=Eat4bPnb9sBOp51RbQDXDzUBvxE8H9ulx07_0yNMWfC--g | length=1430.1160090703 | time=78.82875
[Saturday/July 19/07/2025 11:28:33] "Call of the Night - Episode 1" | https://myanime.sharepoint.com/sites/chartlousty/_layouts/15/download.aspx?share=ERE548l8YKVOiVopo8xf2-UBpelLdYVdlAFfZs_OZFWMoA | length=1377.386 | time=1377.3407425773
[Saturday/July 19/07/2025 11:28:47] "Call of the Night - Episode 2" | https://myanime.sharepoint.com/sites/chartlousty/_layouts/15/download.aspx?share=EZnSXhtChS5Ihq8IZTDa1U8B7rzkhYFRV2Bphq2O5bRY5Q | length=1377.386 | time=7.2916666666667
[Saturday/July 19/07/2025 11:36:43] "Teasing Master Takagi-san Season 2 - Episode 9" | https://repackager.wixmp.com/video.wixstatic.com/video/dad3f4_3c14faaa61494263b237d73e549e587c/,720p,480p,1080p,/mp4/file.mp4.urlset/master.m3u8 | length=459.668 | time=459.66754444444
[Saturday/July 19/07/2025 11:51:12] "Summer Pockets - Episode 11" | https://myanime.sharepoint.com/sites/chartlousty/_layouts/15/download.aspx?share=EbO8a5fthHNHoyxaSpeF6XsBnIoNTbC1POFSQrn4PNPQGg | length=1420.0619954649 | time=3.25325
[Saturday/July 19/07/2025 11:51:33] "Summer Pockets - Episode 11" | https://myanime.sharepoint.com/sites/chartlousty/_layouts/15/download.aspx?share=EbO8a5fthHNHoyxaSpeF6XsBnIoNTbC1POFSQrn4PNPQGg | length=1420.0619954649 | time=0
[Saturday/July 19/07/2025 12:28:09] "Seiren - Episode 1" | https://myanime.sharepoint.com/sites/anime2/_layouts/15/download.aspx?share=Ea8vs3eZPUtOt_8ASJB_IgABY1hR1vphHugdJyUqeF54pA | length=1449.9470068027 | time=1449.823375
[Saturday/July 19/07/2025 12:49:41] "Seiren - Episode 2" | https://repackager.wixmp.com/video.wixstatic.com/video/d47712_c557a643e68f4ee6b1c967f7adccbcb6/,480p,720p,1080p,/mp4/file.mp4.urlset/master.m3u8 | length=1449.808 | time=1449.7816444444
[Saturday/July 19/07/2025 14:02:04] "Seiren - Episode 3" | https://myanime.sharepoint.com/sites/anime2/_layouts/15/download.aspx?share=EfYGZ5aSZOlGketTuoGnoPYBIgDjZzZbRuHOKWSa1TxeEw | length=1449.7609977324 | time=1449.7609977324
[Saturday/July 19/07/2025 15:39:19] "Seiren - Episode 4" | https://myanime.sharepoint.com/sites/anime2/_layouts/15/download.aspx?share=Eff-wEcGZktAs9tL9ChToEgBQzJYxvu-hiFOq7XI8aqgkA | length=1449.6680045351 | time=1449.425988712
[Saturday/July 19/07/2025 15:40:47] "Seiren - Episode 5" | https://myanime.sharepoint.com/sites/anime2/_layouts/15/download.aspx?share=Ee4NY9MVdGVMtBt2MVa9ikkBcSTEUhou_AJzH1IHXjjwHA | length=1449.9470068027 | time=16.5165
[Saturday/July 19/07/2025 16:06:06] "Seiren - Episode 5" | https://myanime.sharepoint.com/sites/anime2/_layouts/15/download.aspx?share=Ee4NY9MVdGVMtBt2MVa9ikkBcSTEUhou_AJzH1IHXjjwHA | length=1449.9470068027 | time=1449.8326080292
[Saturday/July 19/07/2025 16:34:59] "Seiren - Episode 6" | https://myanime.sharepoint.com/sites/anime2/_layouts/15/download.aspx?share=ETrOMHT6tB9Ml9NiwCN2ahMBQy8xlZ9sLPgKHfwXNmPH4Q | length=1449.4119954649 | time=1449.2860899768
[Saturday/July 19/07/2025 17:26:27] "Seiren - Episode 7" | https://myanime.sharepoint.com/sites/anime2/_layouts/15/download.aspx?share=Eag9IEeNNNhOi_ChguBnDXwBI8wYj5UMXKQmNUBxpMjk4w | length=1449.5050113379 | time=1449.4062916667
[Saturday/July 19/07/2025 18:11:35] "Seiren - Episode 8" | https://myanime.sharepoint.com/sites/anime2/_layouts/15/download.aspx?share=EWYEOxHLx0ZKmna359N9htIBfQ3KmkESMK_3l9RVnW5UPw | length=1449.5980045351 | time=1449.5980045351
[Saturday/July 19/07/2025 18:57:37] "Seiren - Episode 9" | https://myanime.sharepoint.com/sites/anime2/_layouts/15/download.aspx?share=EX1fEXGZZFxFi1biF5h5OGwB2OJApKWz39cDIbXTnqqRGA | length=1449.9 | time=1120.5360833333
[Sunday/July 20/07/2025 14:10:37] /home/elghaz/Videos/obs/2025-06-07 09-46-49.mkv | length=2.117 | time=2.1
[Sunday/July 20/07/2025 14:10:38] /home/elghaz/Videos/obs/2025-06-07 10-58-53.mkv | length=64.95 | time=0
[Sunday/July 20/07/2025 14:10:56] /home/elghaz/Videos/obs/2025-07-20 13-54-20.mkv | length=957.567 | time=0
[Sunday/July 20/07/2025 14:11:38] /home/elghaz/Videos/obs/2025-06-07 10-58-53.mkv | length=64.95 | time=59.95
[Sunday/July 20/07/2025 14:37:24] /home/elghaz/Videos/obs/2025-07-20 13-54-20.mkv | length=957.567 | time=955.9
[Sunday/July 20/07/2025 21:32:32] "Seiren - Episode 9" | https://myanime.sharepoint.com/sites/anime2/_layouts/15/download.aspx?share=EX1fEXGZZFxFi1biF5h5OGwB2OJApKWz39cDIbXTnqqRGA | length=1449.9 | time=1433.432
[Sunday/July 20/07/2025 21:39:34] "WITCH WATCH - Episode 16" | https://myanime.sharepoint.com/sites/chartlousty/_layouts/15/download.aspx?share=EcPMy-I0DdhLrbFc_RBsrGEBndXxK-xvNhpdfhpqhFyvsQ | length=1452.1280045351 | time=410.034625
[Sunday/July 20/07/2025 21:55:53] "WITCH WATCH - Episode 16" | https://myanime.sharepoint.com/sites/chartlousty/_layouts/15/download.aspx?share=EcPMy-I0DdhLrbFc_RBsrGEBndXxK-xvNhpdfhpqhFyvsQ | length=1452.1280045351 | time=1448.8640833333
[Thursday/July 31/07/2025 20:54:54] "ヨルシカ - だから僕は音楽を辞めた (Music Video)" | https://www.youtube.com/watch?v=KTZ-y85Erus | length=246.161 | time=106.45381417433
[Friday/August 01/08/2025 11:20:31] "【MV】 Oh! Asmara - Kobo Kanaeru" | https://www.youtube.com/watch?v=DR43SQx8Ybc | length=247.721 | time=247.46810848739
[Friday/August 01/08/2025 11:24:37] "【MV】 Oh! Asmara - Kobo Kanaeru" | https://www.youtube.com/watch?v=DR43SQx8Ybc | length=247.721 | time=8.5348452339999
[Friday/August 01/08/2025 11:33:37] "【MV】 Entah.. - Kobo Kanaeru" | https://www.youtube.com/watch?v=Y1lI26a0E1E | length=204.061 | time=203.79870222903
[Friday/August 01/08/2025 11:52:55] "Playlist Lagu Kobo Kanaeru (Original and Cover) #vtuber #holoid #kobo_kanaeru" | https://www.youtube.com/watch?v=yqpVngJeRFM | length=1747.121 | time=1746.8627751947
[Friday/August 01/08/2025 16:27:12] "GAC (Gamaliél Audrey Cantika) - Bahagia (Official Music Video)" | https://www.youtube.com/watch?v=zDHOW9PdQYE | length=221.461 | time=221.20786261604
[Friday/August 01/08/2025 16:30:57] "Tulus Full Album Terbaik 2024 ~ Album Lagu Tulus Paling Enak Didengar ~ Lagu Pop Terbaru 2024" | https://www.youtube.com/watch?v=Nq7LkeQrtp4 | length=5311.801 | time=0
[Friday/August 01/08/2025 20:09:30] "ヨルシカ - だから僕は音楽を辞めた (Music Video)" | https://www.youtube.com/watch?v=KTZ-y85Erus | length=246.161 | time=112.64138533
[Friday/August 01/08/2025 20:10:26] "だから僕は音楽を辞めた (Album Trailer)" | https://www.youtube.com/watch?v=JFFedRQpqg8 | length=371.081 | time=164.479433721
[Friday/August 01/08/2025 20:10:41] "ヨルシカ - パレード (Music Video)" | https://www.youtube.com/watch?v=ry3Tupx4BL4 | length=301.561 | time=39.675795613001
[Friday/August 01/08/2025 20:13:29] "【djalto ft. Natan】Kenshi Yonezu - Eine Kleine (Acoustic Indonesian Cover) / アイネクライネ - SHORT" | https://www.youtube.com/watch?v=b8_3XMZVm18 | length=130.121 | time=129.87972053666
[Friday/August 01/08/2025 20:15:17] "【djalto ft. Natan】Kenshi Yonezu - Eine Kleine (Acoustic Indonesian Cover) / アイネクライネ - SHORT" | https://www.youtube.com/watch?v=b8_3XMZVm18 | length=130.121 | time=3.862
[Friday/August 01/08/2025 20:21:20] "【djalto】 Ai no Chiisana Uta | 愛の小さな歌 (ittou x @Pianimusic Arrange) | Indonesian Cover" | https://www.youtube.com/watch?v=ZP2ywXaSfec | length=329.301 | time=329.05780467232
[Friday/August 01/08/2025 20:28:26] "【djalto x Aru】 Aliens - KIRINJI | エイリアンズ - キリンジ (Indonesian Version)" | https://www.youtube.com/watch?v=nx9BC79t8tM | length=363.801 | time=363.56540751396
[Monday/August 04/08/2025 22:17:27] "Seiren - Episode 10" | https://repackager.wixmp.com/video.wixstatic.com/video/dd0f32_3c057530b77a4b4b8b0e253d8eb9cef4/,720p,480p,1080p,/mp4/file.mp4.urlset/master.m3u8 | length=1449.993 | time=1449.993
[Monday/August 04/08/2025 22:43:55] "Seiren - Episode 11" | https://myanime.sharepoint.com/sites/anime2/_layouts/15/download.aspx?share=ESVzjNpWODJOmAEdZY2WykMBJYT_wdWsQhgrJyNExd8Efw | length=1449.9 | time=1364.8635
[Monday/August 04/08/2025 23:11:48] "Seiren - Episode 12" | https://repackager.wixmp.com/video.wixstatic.com/video/ee1399_01460778546749ec8e8f583e5ac12a05/,1080p,720p,480p,/mp4/file.mp4.urlset/master.m3u8 | length=1419.97 | time=1419.7933555556
[Tuesday/August 05/08/2025 08:38:35] "WITCH WATCH - Episode 17" | https://myanime.sharepoint.com/sites/chartlousty/_layouts/15/download.aspx?share=ESUsun9jfCdGiPCDR7YPAWIBVh_eDFNMTyA7Mrz7NhhKJg | length=1452.0819954649 | time=1451.9922083333
[Tuesday/August 05/08/2025 20:25:50] "Protocol: Rain - Episode 1" | https://myanime.sharepoint.com/sites/chartlousty/_layouts/15/download.aspx?share=EQWhZvRKFWdPiKj93wiqA2oBgQp_GvApUJ72dlR0V6AtBg | length=1395.17 | time=1395.0603333333
[Tuesday/August 05/08/2025 20:48:36] "Protocol: Rain - Episode 2" | https://myanime.sharepoint.com/sites/chartlousty/_layouts/15/download.aspx?share=Eax7twL5iQ1MjJeSioWoaRoBUB7C6twMDJaIT6uLZCeW5A | length=1395.03 | time=1394.943442523
[Friday/August 08/08/2025 10:12:54] "mono - Episode 4" | https://myanime.sharepoint.com/sites/chartlousty/_layouts/15/download.aspx?share=Ef8QBf3wj7NLscoabYxuMO4BCkg6x73GNRvS3gd9XBtRUg | length=1440.1239909297 | time=1437.1440416667
[Friday/August 08/08/2025 10:12:59] "mono - Episode 5" | https://myanime.sharepoint.com/sites/chartlousty/_layouts/15/download.aspx?share=EaCW1pWDfZ1GoGGSquHJT7QBVxAQ1qrztrSxjqfkTK3qXw | length=1440.0780045351 | time=0
[Monday/August 11/08/2025 06:32:07] /home/elghaz/Videos/obs/studi-kasus.mkv | length=3731.05 | time=1.717
[Monday/August 11/08/2025 06:37:32] /home/elghaz/Videos/obs/2025-08-11 06-19-29.mkv | length=570.617 | time=570.6
[Monday/August 11/08/2025 06:37:43] /home/elghaz/Videos/obs/afadsfafd.mkv | length=626.634 | time=10.533
[Monday/August 11/08/2025 14:45:06] "WITCH WATCH - Episode 18" | https://myanime.sharepoint.com/sites/chartlousty/_layouts/15/download.aspx?share=EStp2aFvHP1Iv5Orxqts8dUBut2bByEPwt3Q2mEY08oAXg | length=1452.0590022676 | time=1446.7369583333
[Monday/August 11/08/2025 14:46:06] "WITCH WATCH - Episode 19" | https://myanime.sharepoint.com/sites/chartlousty/_layouts/15/download.aspx?share=EZ3bo_jWpH1KiFBjBsu68Z4BPzHln0ZfA2C-h2x3ii-O6Q | length=1454.1648333333 | time=170.795625
